<?xml version="1.0" encoding="utf-8"?><testsuites name="pytest tests"><testsuite name="pytest" errors="0" failures="477" skipped="91" tests="829" time="338.899" timestamp="2026-03-09T13:56:06.729025+00:00" hostname="2ffd62c40b22"><testcase classname="s3tests.functional.test_s3" name="test_bucket_list_empty" time="0.078" /><testcase classname="s3tests.functional.test_s3" name="test_bucket_list_distinct" time="0.056" /><testcase classname="s3tests.functional.test_s3" name="test_bucket_list_many" time="0.046" /><testcase classname="s3tests.functional.test_s3" name="test_bucket_listv2_many" time="0.045" /><testcase classname="s3tests.functional.test_s3" name="test_basic_key_count" time="0.049" /><testcase classname="s3tests.functional.test_s3" name="test_bucket_list_delimiter_basic" time="0.065" /><testcase classname="s3tests.functional.test_s3" name="test_bucket_listv2_delimiter_basic" time="0.049" /><testcase classname="s3tests.functional.test_s3" name="test_bucket_listv2_encoding_basic" time="0.049" /><testcase classname="s3tests.functional.test_s3" name="test_bucket_list_encoding_basic" time="0.063" /><testcase classname="s3tests.functional.test_s3" name="test_bucket_list_delimiter_prefix" time="0.072" /><testcase classname="s3tests.functional.test_s3" name="test_bucket_listv2_delimiter_prefix" time="0.070" /><testcase classname="s3tests.functional.test_s3" name="test_bucket_listv2_delimiter_prefix_ends_with_delimiter" time="0.050" /><testcase classname="s3tests.functional.test_s3" name="test_bucket_list_delimiter_prefix_ends_with_delimiter" time="0.035" /><testcase classname="s3tests.functional.test_s3" name="test_bucket_list_delimiter_alt" time="0.049" /><testcase classname="s3tests.functional.test_s3" name="test_bucket_listv2_delimiter_alt" time="0.072" /><testcase classname="s3tests.functional.test_s3" name="test_bucket_list_delimiter_prefix_underscore" time="0.074" /><testcase classname="s3tests.functional.test_s3" name="test_bucket_listv2_delimiter_prefix_underscore" time="0.073" /><testcase classname="s3tests.functional.test_s3" name="test_bucket_list_delimiter_percentage" time="0.069" /><testcase classname="s3tests.functional.test_s3" name="test_bucket_listv2_delimiter_percentage" time="0.048" /><testcase classname="s3tests.functional.test_s3" name="test_bucket_list_delimiter_whitespace" time="0.048" /><testcase classname="s3tests.functional.test_s3" name="test_bucket_listv2_delimiter_whitespace" time="0.066" /><testcase classname="s3tests.functional.test_s3" name="test_bucket_list_delimiter_dot" time="0.049" /><testcase classname="s3tests.functional.test_s3" name="test_bucket_listv2_delimiter_dot" time="0.050" /><testcase classname="s3tests.functional.test_s3" name="test_bucket_list_delimiter_unreadable" time="0.049" /><testcase classname="s3tests.functional.test_s3" name="test_bucket_listv2_delimiter_unreadable" time="0.063" /><testcase classname="s3tests.functional.test_s3" name="test_bucket_list_delimiter_empty" time="0.052" /><testcase classname="s3tests.functional.test_s3" name="test_bucket_listv2_delimiter_empty" time="0.053" /><testcase classname="s3tests.functional.test_s3" name="test_bucket_list_delimiter_none" time="0.052" /><testcase classname="s3tests.functional.test_s3" name="test_bucket_listv2_delimiter_none" time="0.083" /><testcase classname="s3tests.functional.test_s3" name="test_bucket_listv2_fetchowner_notempty" time="0.043" /><testcase classname="s3tests.functional.test_s3" name="test_bucket_listv2_fetchowner_defaultempty" time="0.043" /><testcase classname="s3tests.functional.test_s3" name="test_bucket_listv2_fetchowner_empty" time="0.061" /><testcase classname="s3tests.functional.test_s3" name="test_bucket_list_delimiter_not_exist" time="0.048" /><testcase classname="s3tests.functional.test_s3" name="test_bucket_listv2_delimiter_not_exist" time="0.047" /><testcase classname="s3tests.functional.test_s3" name="test_bucket_list_delimiter_not_skip_special" time="2.754" /><testcase classname="s3tests.functional.test_s3" name="test_bucket_list_prefix_basic" time="0.037" /><testcase classname="s3tests.functional.test_s3" name="test_bucket_listv2_prefix_basic" time="0.053" /><testcase classname="s3tests.functional.test_s3" name="test_bucket_list_prefix_alt" time="0.037" /><testcase classname="s3tests.functional.test_s3" name="test_bucket_listv2_prefix_alt" time="0.036" /><testcase classname="s3tests.functional.test_s3" name="test_bucket_list_prefix_empty" time="0.039" /><testcase classname="s3tests.functional.test_s3" name="test_bucket_listv2_prefix_empty" time="0.058" /><testcase classname="s3tests.functional.test_s3" name="test_bucket_list_prefix_none" time="0.044" /><testcase classname="s3tests.functional.test_s3" name="test_bucket_listv2_prefix_none" time="0.044" /><testcase classname="s3tests.functional.test_s3" name="test_bucket_list_prefix_not_exist" time="0.048" /><testcase classname="s3tests.functional.test_s3" name="test_bucket_listv2_prefix_not_exist" time="0.060" /><testcase classname="s3tests.functional.test_s3" name="test_bucket_list_prefix_unreadable" time="0.043" /><testcase classname="s3tests.functional.test_s3" name="test_bucket_listv2_prefix_unreadable" time="0.045" /><testcase classname="s3tests.functional.test_s3" name="test_bucket_list_prefix_delimiter_basic" time="0.064" /><testcase classname="s3tests.functional.test_s3" name="test_bucket_listv2_prefix_delimiter_basic" time="0.047" /><testcase classname="s3tests.functional.test_s3" name="test_bucket_list_prefix_delimiter_alt" time="0.046" /><testcase classname="s3tests.functional.test_s3" name="test_bucket_listv2_prefix_delimiter_alt" time="0.045" /><testcase classname="s3tests.functional.test_s3" name="test_bucket_list_prefix_delimiter_prefix_not_exist" time="0.064" /><testcase classname="s3tests.functional.test_s3" name="test_bucket_listv2_prefix_delimiter_prefix_not_exist" time="0.048" /><testcase classname="s3tests.functional.test_s3" name="test_bucket_list_prefix_delimiter_delimiter_not_exist" time="0.048" /><testcase classname="s3tests.functional.test_s3" name="test_bucket_listv2_prefix_delimiter_delimiter_not_exist" time="0.048" /><testcase classname="s3tests.functional.test_s3" name="test_bucket_list_prefix_delimiter_prefix_delimiter_not_exist" time="0.065" /><testcase classname="s3tests.functional.test_s3" name="test_bucket_listv2_prefix_delimiter_prefix_delimiter_not_exist" time="0.049" /><testcase classname="s3tests.functional.test_s3" name="test_bucket_list_maxkeys_one" time="0.048" /><testcase classname="s3tests.functional.test_s3" name="test_bucket_listv2_maxkeys_one" time="0.065" /><testcase classname="s3tests.functional.test_s3" name="test_bucket_list_maxkeys_zero" time="0.046" /><testcase classname="s3tests.functional.test_s3" name="test_bucket_listv2_maxkeys_zero" time="0.047" /><testcase classname="s3tests.functional.test_s3" name="test_bucket_list_maxkeys_none" time="0.049" /><testcase classname="s3tests.functional.test_s3" name="test_bucket_listv2_maxkeys_none" time="0.066" /><testcase classname="s3tests.functional.test_s3" name="test_account_usage" time="0.023"><failure message="KeyError: 'Summary'">s3tests/functional/test_s3.py:1101: in test_account_usage
    summary = parsed['Summary']
              ^^^^^^^^^^^^^^^^^
E   KeyError: 'Summary'</failure></testcase><testcase classname="s3tests.functional.test_s3" name="test_head_bucket_usage" time="0.041"><failure message="KeyError: 'X-RGW-Object-Count'">s3tests/functional/test_s3.py:1121: in test_head_bucket_usage
    assert hdrs['X-RGW-Object-Count'] == '1'
           ^^^^^^^^^^^^^^^^^^^^^^^^^^
/usr/local/lib/python3.12/site-packages/botocore/awsrequest.py:620: in __getitem__
    return self._dict[_HeaderKey(key)]
           ^^^^^^^^^^^^^^^^^^^^^^^^^^^
E   KeyError: 'X-RGW-Object-Count'</failure></testcase><testcase classname="s3tests.functional.test_s3" name="test_bucket_list_unordered" time="0.150"><failure message="AssertionError: ClientError not raised">s3tests/functional/test_s3.py:1172: in test_bucket_list_unordered
    e = assert_raises(ClientError,
s3tests/functional/utils.py:19: in assert_raises
    raise AssertionError("%s not raised" % excName)
E   AssertionError: ClientError not raised</failure></testcase><testcase classname="s3tests.functional.test_s3" name="test_bucket_listv2_unordered" time="0.124"><failure message="AssertionError: ClientError not raised">s3tests/functional/test_s3.py:1227: in test_bucket_listv2_unordered
    e = assert_raises(ClientError,
s3tests/functional/utils.py:19: in assert_raises
    raise AssertionError("%s not raised" % excName)
E   AssertionError: ClientError not raised</failure></testcase><testcase classname="s3tests.functional.test_s3" name="test_bucket_list_maxkeys_invalid" time="0.044" /><testcase classname="s3tests.functional.test_s3" name="test_bucket_list_marker_none" time="0.066" /><testcase classname="s3tests.functional.test_s3" name="test_bucket_list_marker_empty" time="0.052" /><testcase classname="s3tests.functional.test_s3" name="test_bucket_listv2_continuationtoken_empty" time="0.047" /><testcase classname="s3tests.functional.test_s3" name="test_bucket_listv2_continuationtoken" time="0.050" /><testcase classname="s3tests.functional.test_s3" name="test_bucket_listv2_both_continuationtoken_startafter" time="0.070" /><testcase classname="s3tests.functional.test_s3" name="test_bucket_list_marker_unreadable" time="0.049" /><testcase classname="s3tests.functional.test_s3" name="test_bucket_listv2_startafter_unreadable" time="0.050" /><testcase classname="s3tests.functional.test_s3" name="test_bucket_list_marker_not_in_list" time="0.048" /><testcase classname="s3tests.functional.test_s3" name="test_bucket_listv2_startafter_not_in_list" time="0.066" /><testcase classname="s3tests.functional.test_s3" name="test_bucket_list_marker_after_list" time="0.048" /><testcase classname="s3tests.functional.test_s3" name="test_bucket_listv2_startafter_after_list" time="0.048" /><testcase classname="s3tests.functional.test_s3" name="test_bucket_list_return_data" time="10.990"><failure message="botocore.exceptions.ClientError: An error occurred (500) when calling the GetObjectAcl operation (reached max retries: 4): Internal Server Error">s3tests/functional/test_s3.py:1403: in test_bucket_list_return_data
    acl_response = client.get_object_acl(Bucket=bucket_name, Key=key_name)
                   ^^^^^^^^^^^^^^^^^^^^^^^^^^^^^^^^^^^^^^^^^^^^^^^^^^^^^^^
/usr/local/lib/python3.12/site-packages/botocore/client.py:602: in _api_call
    return self._make_api_call(operation_name, kwargs)
           ^^^^^^^^^^^^^^^^^^^^^^^^^^^^^^^^^^^^^^^^^^^
/usr/local/lib/python3.12/site-packages/botocore/context.py:123: in wrapper
    return func(*args, **kwargs)
           ^^^^^^^^^^^^^^^^^^^^^
/usr/local/lib/python3.12/site-packages/botocore/client.py:1078: in _make_api_call
    raise error_class(parsed_response, operation_name)
E   botocore.exceptions.ClientError: An error occurred (500) when calling the GetObjectAcl operation (reached max retries: 4): Internal Server Error</failure></testcase><testcase classname="s3tests.functional.test_s3" name="test_bucket_list_return_data_versioning" time="0.032"><failure message="botocore.exceptions.ClientError: An error occurred (NotImplemented) when calling the PutBucketVersioning operation: A header you provided implies functionality that is not implemented.">s3tests/functional/test_s3.py:1429: in test_bucket_list_return_data_versioning
    check_configure_versioning_retry(bucket_name, "Enabled", "Enabled")
s3tests/functional/test_s3.py:6241: in check_configure_versioning_retry
    client.put_bucket_versioning(Bucket=bucket_name, VersioningConfiguration={'Status': status})
/usr/local/lib/python3.12/site-packages/botocore/client.py:602: in _api_call
    return self._make_api_call(operation_name, kwargs)
           ^^^^^^^^^^^^^^^^^^^^^^^^^^^^^^^^^^^^^^^^^^^
/usr/local/lib/python3.12/site-packages/botocore/context.py:123: in wrapper
    return func(*args, **kwargs)
           ^^^^^^^^^^^^^^^^^^^^^
/usr/local/lib/python3.12/site-packages/botocore/client.py:1078: in _make_api_call
    raise error_class(parsed_response, operation_name)
E   botocore.exceptions.ClientError: An error occurred (NotImplemented) when calling the PutBucketVersioning operation: A header you provided implies functionality that is not implemented.</failure></testcase><testcase classname="s3tests.functional.test_s3" name="test_bucket_list_objects_anonymous" time="0.037"><failure message="botocore.exceptions.ClientError: An error occurred (NotImplemented) when calling the PutBucketAcl operation: A header you provided implies functionality that is not implemented.">s3tests/functional/test_s3.py:1466: in test_bucket_list_objects_anonymous
    client.put_bucket_acl(Bucket=bucket_name, ACL='public-read')
/usr/local/lib/python3.12/site-packages/botocore/client.py:602: in _api_call
    return self._make_api_call(operation_name, kwargs)
           ^^^^^^^^^^^^^^^^^^^^^^^^^^^^^^^^^^^^^^^^^^^
/usr/local/lib/python3.12/site-packages/botocore/context.py:123: in wrapper
    return func(*args, **kwargs)
           ^^^^^^^^^^^^^^^^^^^^^
/usr/local/lib/python3.12/site-packages/botocore/client.py:1078: in _make_api_call
    raise error_class(parsed_response, operation_name)
E   botocore.exceptions.ClientError: An error occurred (NotImplemented) when calling the PutBucketAcl operation: A header you provided implies functionality that is not implemented.</failure></testcase><testcase classname="s3tests.functional.test_s3" name="test_bucket_listv2_objects_anonymous" time="0.030"><failure message="botocore.exceptions.ClientError: An error occurred (NotImplemented) when calling the PutBucketAcl operation: A header you provided implies functionality that is not implemented.">s3tests/functional/test_s3.py:1475: in test_bucket_listv2_objects_anonymous
    client.put_bucket_acl(Bucket=bucket_name, ACL='public-read')
/usr/local/lib/python3.12/site-packages/botocore/client.py:602: in _api_call
    return self._make_api_call(operation_name, kwargs)
           ^^^^^^^^^^^^^^^^^^^^^^^^^^^^^^^^^^^^^^^^^^^
/usr/local/lib/python3.12/site-packages/botocore/context.py:123: in wrapper
    return func(*args, **kwargs)
           ^^^^^^^^^^^^^^^^^^^^^
/usr/local/lib/python3.12/site-packages/botocore/client.py:1078: in _make_api_call
    raise error_class(parsed_response, operation_name)
E   botocore.exceptions.ClientError: An error occurred (NotImplemented) when calling the PutBucketAcl operation: A header you provided implies functionality that is not implemented.</failure></testcase><testcase classname="s3tests.functional.test_s3" name="test_bucket_list_objects_anonymous_fail" time="0.047" /><testcase classname="s3tests.functional.test_s3" name="test_bucket_listv2_objects_anonymous_fail" time="0.029" /><testcase classname="s3tests.functional.test_s3" name="test_bucket_notexist" time="0.022" /><testcase classname="s3tests.functional.test_s3" name="test_bucketv2_notexist" time="0.025" /><testcase classname="s3tests.functional.test_s3" name="test_bucket_delete_notexist" time="0.021" /><testcase classname="s3tests.functional.test_s3" name="test_bucket_delete_nonempty" time="0.052" /><testcase classname="s3tests.functional.test_s3" name="test_bucket_concurrent_set_canned_acl" time="0.059"><failure message="assert False == True">s3tests/functional/test_s3.py:1575: in test_bucket_concurrent_set_canned_acl
    assert r == True
E   assert False == True</failure></testcase><testcase classname="s3tests.functional.test_s3" name="test_object_write_to_nonexist_bucket" time="0.021" /><testcase classname="s3tests.functional.test_s3" name="test_object_write_with_chunked_transfer_encoding" time="0.038" /><testcase classname="s3tests.functional.test_s3" name="test_bucket_create_delete" time="0.045" /><testcase classname="s3tests.functional.test_s3" name="test_object_read_not_exist" time="0.029" /><testcase classname="s3tests.functional.test_s3" name="test_object_requestid_matches_header_on_error" time="0.030"><failure message="AssertionError: assert 'bd079bd0-9b9...-41d6fbafcacc' == '6247f8d0-ca2...-35965cb61155'&#10;  &#10;  - 6247f8d0-ca2e-40e1-a1e6-35965cb61155&#10;  + bd079bd0-9b91-44fd-9e7d-41d6fbafcacc">s3tests/functional/test_s3.py:1643: in test_object_requestid_matches_header_on_error
    assert request_id == e.response['ResponseMetadata']['RequestId']
E   AssertionError: assert 'bd079bd0-9b9...-41d6fbafcacc' == '6247f8d0-ca2...-35965cb61155'
E     
E     - 6247f8d0-ca2e-40e1-a1e6-35965cb61155
E     + bd079bd0-9b91-44fd-9e7d-41d6fbafcacc</failure></testcase><testcase classname="s3tests.functional.test_s3" name="test_versioning_concurrent_multi_object_delete" time="0.031"><failure message="botocore.exceptions.ClientError: An error occurred (NotImplemented) when calling the PutBucketVersioning operation: A header you provided implies functionality that is not implemented.">s3tests/functional/test_s3.py:1660: in test_versioning_concurrent_multi_object_delete
    check_configure_versioning_retry(bucket_name, "Enabled", "Enabled")
s3tests/functional/test_s3.py:6241: in check_configure_versioning_retry
    client.put_bucket_versioning(Bucket=bucket_name, VersioningConfiguration={'Status': status})
/usr/local/lib/python3.12/site-packages/botocore/client.py:602: in _api_call
    return self._make_api_call(operation_name, kwargs)
           ^^^^^^^^^^^^^^^^^^^^^^^^^^^^^^^^^^^^^^^^^^^
/usr/local/lib/python3.12/site-packages/botocore/context.py:123: in wrapper
    return func(*args, **kwargs)
           ^^^^^^^^^^^^^^^^^^^^^
/usr/local/lib/python3.12/site-packages/botocore/client.py:1078: in _make_api_call
    raise error_class(parsed_response, operation_name)
E   botocore.exceptions.ClientError: An error occurred (NotImplemented) when calling the PutBucketVersioning operation: A header you provided implies functionality that is not implemented.</failure></testcase><testcase classname="s3tests.functional.test_s3" name="test_multi_object_delete" time="0.063" /><testcase classname="s3tests.functional.test_s3" name="test_expected_bucket_owner" time="0.031"><failure message="botocore.exceptions.ClientError: An error occurred (NotImplemented) when calling the PutBucketAcl operation: A header you provided implies functionality that is not implemented.">s3tests/functional/test_s3.py:1717: in test_expected_bucket_owner
    client.put_bucket_acl(Bucket=bucket_name, ACL='public-read-write')
/usr/local/lib/python3.12/site-packages/botocore/client.py:602: in _api_call
    return self._make_api_call(operation_name, kwargs)
           ^^^^^^^^^^^^^^^^^^^^^^^^^^^^^^^^^^^^^^^^^^^
/usr/local/lib/python3.12/site-packages/botocore/context.py:123: in wrapper
    return func(*args, **kwargs)
           ^^^^^^^^^^^^^^^^^^^^^
/usr/local/lib/python3.12/site-packages/botocore/client.py:1078: in _make_api_call
    raise error_class(parsed_response, operation_name)
E   botocore.exceptions.ClientError: An error occurred (NotImplemented) when calling the PutBucketAcl operation: A header you provided implies functionality that is not implemented.</failure></testcase><testcase classname="s3tests.functional.test_s3" name="test_multi_objectv2_delete" time="0.046" /><testcase classname="s3tests.functional.test_s3" name="test_multi_object_delete_key_limit" time="2.777" /><testcase classname="s3tests.functional.test_s3" name="test_multi_objectv2_delete_key_limit" time="2.671" /><testcase classname="s3tests.functional.test_s3" name="test_object_head_zero_bytes" time="0.031" /><testcase classname="s3tests.functional.test_s3" name="test_object_write_check_etag" time="0.046" /><testcase classname="s3tests.functional.test_s3" name="test_object_write_cache_control" time="0.035" /><testcase classname="s3tests.functional.test_s3" name="test_object_write_expires" time="0.032" /><testcase classname="s3tests.functional.test_s3" name="test_object_write_read_update_read_delete" time="0.082" /><testcase classname="s3tests.functional.test_s3" name="test_object_set_get_metadata_none_to_good" time="0.053" /><testcase classname="s3tests.functional.test_s3" name="test_object_set_get_metadata_none_to_empty" time="0.034" /><testcase classname="s3tests.functional.test_s3" name="test_object_set_get_metadata_overwrite_to_empty" time="0.039" /><testcase classname="s3tests.functional.test_s3" name="test_object_set_get_unicode_metadata" time="0.031"><failure message="botocore.exceptions.ClientError: An error occurred (SignatureDoesNotMatch) when calling the PutObject operation: The request signature we calculated does not match the signature you provided.">s3tests/functional/test_s3.py:1893: in test_object_set_get_unicode_metadata
    client.put_object(Bucket=bucket_name, Key='foo', Body='bar')
/usr/local/lib/python3.12/site-packages/botocore/client.py:602: in _api_call
    return self._make_api_call(operation_name, kwargs)
           ^^^^^^^^^^^^^^^^^^^^^^^^^^^^^^^^^^^^^^^^^^^
/usr/local/lib/python3.12/site-packages/botocore/context.py:123: in wrapper
    return func(*args, **kwargs)
           ^^^^^^^^^^^^^^^^^^^^^
/usr/local/lib/python3.12/site-packages/botocore/client.py:1078: in _make_api_call
    raise error_class(parsed_response, operation_name)
E   botocore.exceptions.ClientError: An error occurred (SignatureDoesNotMatch) when calling the PutObject operation: The request signature we calculated does not match the signature you provided.</failure></testcase><testcase classname="s3tests.functional.test_s3" name="test_object_metadata_replaced_on_put" time="0.053" /><testcase classname="s3tests.functional.test_s3" name="test_object_write_file" time="0.034" /><testcase classname="s3tests.functional.test_s3" name="test_post_object_anonymous_request" time="0.029"><failure message="assert 403 == 204&#10; +  where 403 = &lt;Response [403]&gt;.status_code">s3tests/functional/test_s3.py:1952: in test_post_object_anonymous_request
    assert r.status_code == 204
E   assert 403 == 204
E    +  where 403 = &lt;Response [403]&gt;.status_code</failure></testcase><testcase classname="s3tests.functional.test_s3" name="test_post_object_authenticated_request" time="0.035"><failure message="assert 403 == 204&#10; +  where 403 = &lt;Response [403]&gt;.status_code">s3tests/functional/test_s3.py:1990: in test_post_object_authenticated_request
    assert r.status_code == 204
E   assert 403 == 204
E    +  where 403 = &lt;Response [403]&gt;.status_code</failure></testcase><testcase classname="s3tests.functional.test_s3" name="test_post_object_authenticated_no_content_type" time="0.047"><failure message="assert 403 == 204&#10; +  where 403 = &lt;Response [403]&gt;.status_code">s3tests/functional/test_s3.py:2027: in test_post_object_authenticated_no_content_type
    assert r.status_code == 204
E   assert 403 == 204
E    +  where 403 = &lt;Response [403]&gt;.status_code</failure></testcase><testcase classname="s3tests.functional.test_s3" name="test_post_object_authenticated_request_bad_access_key" time="0.027" /><testcase classname="s3tests.functional.test_s3" name="test_post_object_set_success_code" time="0.029"><failure message="assert 403 == 201&#10; +  where 403 = &lt;Response [403]&gt;.status_code">s3tests/functional/test_s3.py:2078: in test_post_object_set_success_code
    assert r.status_code == 201
E   assert 403 == 201
E    +  where 403 = &lt;Response [403]&gt;.status_code</failure></testcase><testcase classname="s3tests.functional.test_s3" name="test_post_object_set_invalid_success_code" time="0.029"><failure message="assert 403 == 204&#10; +  where 403 = &lt;Response [403]&gt;.status_code">s3tests/functional/test_s3.py:2093: in test_post_object_set_invalid_success_code
    assert r.status_code == 204
E   assert 403 == 204
E    +  where 403 = &lt;Response [403]&gt;.status_code</failure></testcase><testcase classname="s3tests.functional.test_s3" name="test_post_object_upload_larger_than_chunk" time="0.032"><failure message="assert 403 == 204&#10; +  where 403 = &lt;Response [403]&gt;.status_code">s3tests/functional/test_s3.py:2131: in test_post_object_upload_larger_than_chunk
    assert r.status_code == 204
E   assert 403 == 204
E    +  where 403 = &lt;Response [403]&gt;.status_code</failure></testcase><testcase classname="s3tests.functional.test_s3" name="test_post_object_set_key_from_filename" time="0.053"><failure message="assert 403 == 204&#10; +  where 403 = &lt;Response [403]&gt;.status_code">s3tests/functional/test_s3.py:2167: in test_post_object_set_key_from_filename
    assert r.status_code == 204
E   assert 403 == 204
E    +  where 403 = &lt;Response [403]&gt;.status_code</failure></testcase><testcase classname="s3tests.functional.test_s3" name="test_post_object_ignored_header" time="0.031"><failure message="assert 403 == 204&#10; +  where 403 = &lt;Response [403]&gt;.status_code">s3tests/functional/test_s3.py:2204: in test_post_object_ignored_header
    assert r.status_code == 204
E   assert 403 == 204
E    +  where 403 = &lt;Response [403]&gt;.status_code</failure></testcase><testcase classname="s3tests.functional.test_s3" name="test_post_object_case_insensitive_condition_fields" time="0.031"><failure message="assert 403 == 204&#10; +  where 403 = &lt;Response [403]&gt;.status_code">s3tests/functional/test_s3.py:2239: in test_post_object_case_insensitive_condition_fields
    assert r.status_code == 204
E   assert 403 == 204
E    +  where 403 = &lt;Response [403]&gt;.status_code</failure></testcase><testcase classname="s3tests.functional.test_s3" name="test_post_object_escaped_field_values" time="0.031"><failure message="assert 403 == 204&#10; +  where 403 = &lt;Response [403]&gt;.status_code">s3tests/functional/test_s3.py:2272: in test_post_object_escaped_field_values
    assert r.status_code == 204
E   assert 403 == 204
E    +  where 403 = &lt;Response [403]&gt;.status_code</failure></testcase><testcase classname="s3tests.functional.test_s3" name="test_post_object_success_redirect_action" time="0.048"><failure message="assert 403 == 200&#10; +  where 403 = &lt;Response [403]&gt;.status_code">s3tests/functional/test_s3.py:2313: in test_post_object_success_redirect_action
    assert r.status_code == 200
E   assert 403 == 200
E    +  where 403 = &lt;Response [403]&gt;.status_code</failure></testcase><testcase classname="s3tests.functional.test_s3" name="test_post_object_invalid_signature" time="0.028" /><testcase classname="s3tests.functional.test_s3" name="test_post_object_invalid_access_key" time="0.027" /><testcase classname="s3tests.functional.test_s3" name="test_post_object_invalid_date_format" time="0.031"><failure message="assert 403 == 400&#10; +  where 403 = &lt;Response [403]&gt;.status_code">s3tests/functional/test_s3.py:2416: in test_post_object_invalid_date_format
    assert r.status_code == 400
E   assert 403 == 400
E    +  where 403 = &lt;Response [403]&gt;.status_code</failure></testcase><testcase classname="s3tests.functional.test_s3" name="test_post_object_no_key_specified" time="0.052"><failure message="assert 403 == 400&#10; +  where 403 = &lt;Response [403]&gt;.status_code">s3tests/functional/test_s3.py:2448: in test_post_object_no_key_specified
    assert r.status_code == 400
E   assert 403 == 400
E    +  where 403 = &lt;Response [403]&gt;.status_code</failure></testcase><testcase classname="s3tests.functional.test_s3" name="test_post_object_missing_signature" time="0.030"><failure message="assert 403 == 400&#10; +  where 403 = &lt;Response [403]&gt;.status_code">s3tests/functional/test_s3.py:2481: in test_post_object_missing_signature
    assert r.status_code == 400
E   assert 403 == 400
E    +  where 403 = &lt;Response [403]&gt;.status_code</failure></testcase><testcase classname="s3tests.functional.test_s3" name="test_post_object_missing_policy_condition" time="0.028" /><testcase classname="s3tests.functional.test_s3" name="test_post_object_user_specified_header" time="0.030"><failure message="assert 403 == 204&#10; +  where 403 = &lt;Response [403]&gt;.status_code">s3tests/functional/test_s3.py:2547: in test_post_object_user_specified_header
    assert r.status_code == 204
E   assert 403 == 204
E    +  where 403 = &lt;Response [403]&gt;.status_code</failure></testcase><testcase classname="s3tests.functional.test_s3" name="test_post_object_request_missing_policy_specified_field" time="0.046" /><testcase classname="s3tests.functional.test_s3" name="test_post_object_condition_is_case_sensitive" time="0.031"><failure message="assert 403 == 400&#10; +  where 403 = &lt;Response [403]&gt;.status_code">s3tests/functional/test_s3.py:2616: in test_post_object_condition_is_case_sensitive
    assert r.status_code == 400
E   assert 403 == 400
E    +  where 403 = &lt;Response [403]&gt;.status_code</failure></testcase><testcase classname="s3tests.functional.test_s3" name="test_post_object_expires_is_case_sensitive" time="0.031"><failure message="assert 403 == 400&#10; +  where 403 = &lt;Response [403]&gt;.status_code">s3tests/functional/test_s3.py:2649: in test_post_object_expires_is_case_sensitive
    assert r.status_code == 400
E   assert 403 == 400
E    +  where 403 = &lt;Response [403]&gt;.status_code</failure></testcase><testcase classname="s3tests.functional.test_s3" name="test_post_object_expired_policy" time="0.028" /><testcase classname="s3tests.functional.test_s3" name="test_post_object_wrong_bucket" time="0.053" /><testcase classname="s3tests.functional.test_s3" name="test_post_object_invalid_request_field_value" time="0.028" /><testcase classname="s3tests.functional.test_s3" name="test_post_object_missing_expires_condition" time="0.029"><failure message="assert 403 == 400&#10; +  where 403 = &lt;Response [403]&gt;.status_code">s3tests/functional/test_s3.py:2784: in test_post_object_missing_expires_condition
    assert r.status_code == 400
E   assert 403 == 400
E    +  where 403 = &lt;Response [403]&gt;.status_code</failure></testcase><testcase classname="s3tests.functional.test_s3" name="test_post_object_missing_conditions_list" time="0.048"><failure message="assert 403 == 400&#10; +  where 403 = &lt;Response [403]&gt;.status_code">s3tests/functional/test_s3.py:2809: in test_post_object_missing_conditions_list
    assert r.status_code == 400
E   assert 403 == 400
E    +  where 403 = &lt;Response [403]&gt;.status_code</failure></testcase><testcase classname="s3tests.functional.test_s3" name="test_post_object_upload_size_limit_exceeded" time="0.066"><failure message="assert 403 == 400&#10; +  where 403 = &lt;Response [403]&gt;.status_code">s3tests/functional/test_s3.py:2842: in test_post_object_upload_size_limit_exceeded
    assert r.status_code == 400
E   assert 403 == 400
E    +  where 403 = &lt;Response [403]&gt;.status_code</failure></testcase><testcase classname="s3tests.functional.test_s3" name="test_post_object_missing_content_length_argument" time="0.030"><failure message="assert 403 == 400&#10; +  where 403 = &lt;Response [403]&gt;.status_code">s3tests/functional/test_s3.py:2875: in test_post_object_missing_content_length_argument
    assert r.status_code == 400
E   assert 403 == 400
E    +  where 403 = &lt;Response [403]&gt;.status_code</failure></testcase><testcase classname="s3tests.functional.test_s3" name="test_post_object_invalid_content_length_argument" time="0.030"><failure message="assert 403 == 400&#10; +  where 403 = &lt;Response [403]&gt;.status_code">s3tests/functional/test_s3.py:2908: in test_post_object_invalid_content_length_argument
    assert r.status_code == 400
E   assert 403 == 400
E    +  where 403 = &lt;Response [403]&gt;.status_code</failure></testcase><testcase classname="s3tests.functional.test_s3" name="test_post_object_upload_size_below_minimum" time="0.031"><failure message="assert 403 == 400&#10; +  where 403 = &lt;Response [403]&gt;.status_code">s3tests/functional/test_s3.py:2941: in test_post_object_upload_size_below_minimum
    assert r.status_code == 400
E   assert 403 == 400
E    +  where 403 = &lt;Response [403]&gt;.status_code</failure></testcase><testcase classname="s3tests.functional.test_s3" name="test_post_object_upload_size_rgw_chunk_size_bug" time="0.035"><failure message="assert 403 == 204&#10; +  where 403 = &lt;Response [403]&gt;.status_code">s3tests/functional/test_s3.py:2988: in test_post_object_upload_size_rgw_chunk_size_bug
    assert r.status_code == 204
E   assert 403 == 204
E    +  where 403 = &lt;Response [403]&gt;.status_code</failure></testcase><testcase classname="s3tests.functional.test_s3" name="test_post_object_empty_conditions" time="0.049"><failure message="assert 403 == 400&#10; +  where 403 = &lt;Response [403]&gt;.status_code">s3tests/functional/test_s3.py:3017: in test_post_object_empty_conditions
    assert r.status_code == 400
E   assert 403 == 400
E    +  where 403 = &lt;Response [403]&gt;.status_code</failure></testcase><testcase classname="s3tests.functional.test_s3" name="test_get_object_ifmatch_good" time="0.033" /><testcase classname="s3tests.functional.test_s3" name="test_get_object_ifmatch_failed" time="0.034" /><testcase classname="s3tests.functional.test_s3" name="test_get_object_ifnonematch_good" time="0.033" /><testcase classname="s3tests.functional.test_s3" name="test_get_object_ifnonematch_failed" time="0.098" /><testcase classname="s3tests.functional.test_s3" name="test_get_object_ifmodifiedsince_good" time="0.083" /><testcase classname="s3tests.functional.test_s3" name="test_get_object_ifmodifiedsince_failed" time="1.076" /><testcase classname="s3tests.functional.test_s3" name="test_get_object_ifunmodifiedsince_good" time="0.050" /><testcase classname="s3tests.functional.test_s3" name="test_get_object_ifunmodifiedsince_failed" time="0.076" /><testcase classname="s3tests.functional.test_s3" name="test_put_object_ifmatch_good" time="0.050" /><testcase classname="s3tests.functional.test_s3" name="test_put_object_ifmatch_failed" time="0.092" /><testcase classname="s3tests.functional.test_s3" name="test_put_object_ifmatch_overwrite_existed_good" time="0.139" /><testcase classname="s3tests.functional.test_s3" name="test_put_object_ifmatch_nonexisted_failed" time="0.063" /><testcase classname="s3tests.functional.test_s3" name="test_put_object_ifnonmatch_good" time="0.089" /><testcase classname="s3tests.functional.test_s3" name="test_put_object_ifnonmatch_failed" time="0.094" /><testcase classname="s3tests.functional.test_s3" name="test_put_object_ifnonmatch_nonexisted_good" time="0.087" /><testcase classname="s3tests.functional.test_s3" name="test_put_object_ifnonmatch_overwrite_existed_failed" time="0.117" /><testcase classname="s3tests.functional.test_s3" name="test_object_raw_get" time="0.049"><failure message="botocore.errorfactory.AccessDenied: An error occurred (AccessDenied) when calling the GetObject operation: Access Denied">s3tests/functional/test_s3.py:3296: in test_object_raw_get
    response = unauthenticated_client.get_object(Bucket=bucket_name, Key='foo')
               ^^^^^^^^^^^^^^^^^^^^^^^^^^^^^^^^^^^^^^^^^^^^^^^^^^^^^^^^^^^^^^^^
/usr/local/lib/python3.12/site-packages/botocore/client.py:602: in _api_call
    return self._make_api_call(operation_name, kwargs)
           ^^^^^^^^^^^^^^^^^^^^^^^^^^^^^^^^^^^^^^^^^^^
/usr/local/lib/python3.12/site-packages/botocore/context.py:123: in wrapper
    return func(*args, **kwargs)
           ^^^^^^^^^^^^^^^^^^^^^
/usr/local/lib/python3.12/site-packages/botocore/client.py:1078: in _make_api_call
    raise error_class(parsed_response, operation_name)
E   botocore.errorfactory.AccessDenied: An error occurred (AccessDenied) when calling the GetObject operation: Access Denied</failure></testcase><testcase classname="s3tests.functional.test_s3" name="test_object_raw_get_bucket_gone" time="0.044"><failure message="assert 403 == 404">s3tests/functional/test_s3.py:3310: in test_object_raw_get_bucket_gone
    assert status == 404
E   assert 403 == 404</failure></testcase><testcase classname="s3tests.functional.test_s3" name="test_object_delete_key_bucket_gone" time="0.042"><failure message="assert 403 == 404">s3tests/functional/test_s3.py:3324: in test_object_delete_key_bucket_gone
    assert status == 404
E   assert 403 == 404</failure></testcase><testcase classname="s3tests.functional.test_s3" name="test_object_raw_get_object_gone" time="0.060"><failure message="assert 403 == 404">s3tests/functional/test_s3.py:3337: in test_object_raw_get_object_gone
    assert status == 404
E   assert 403 == 404</failure></testcase><testcase classname="s3tests.functional.test_s3" name="test_bucket_head" time="0.031" /><testcase classname="s3tests.functional.test_s3" name="test_bucket_head_notexist" time="0.024" /><testcase classname="s3tests.functional.test_s3" name="test_bucket_head_extended" time="0.031"><failure message="KeyError: 'x-rgw-object-count'">s3tests/functional/test_s3.py:3371: in test_bucket_head_extended
    assert int(response['ResponseMetadata']['HTTPHeaders']['x-rgw-object-count']) == 0
               ^^^^^^^^^^^^^^^^^^^^^^^^^^^^^^^^^^^^^^^^^^^^^^^^^^^^^^^^^^^^^^^^^
E   KeyError: 'x-rgw-object-count'</failure></testcase><testcase classname="s3tests.functional.test_s3" name="test_object_raw_get_bucket_acl" time="0.064"><failure message="botocore.errorfactory.AccessDenied: An error occurred (AccessDenied) when calling the GetObject operation: Access Denied">s3tests/functional/test_s3.py:3384: in test_object_raw_get_bucket_acl
    response = unauthenticated_client.get_object(Bucket=bucket_name, Key='foo')
               ^^^^^^^^^^^^^^^^^^^^^^^^^^^^^^^^^^^^^^^^^^^^^^^^^^^^^^^^^^^^^^^^
/usr/local/lib/python3.12/site-packages/botocore/client.py:602: in _api_call
    return self._make_api_call(operation_name, kwargs)
           ^^^^^^^^^^^^^^^^^^^^^^^^^^^^^^^^^^^^^^^^^^^
/usr/local/lib/python3.12/site-packages/botocore/context.py:123: in wrapper
    return func(*args, **kwargs)
           ^^^^^^^^^^^^^^^^^^^^^
/usr/local/lib/python3.12/site-packages/botocore/client.py:1078: in _make_api_call
    raise error_class(parsed_response, operation_name)
E   botocore.errorfactory.AccessDenied: An error occurred (AccessDenied) when calling the GetObject operation: Access Denied</failure></testcase><testcase classname="s3tests.functional.test_s3" name="test_object_raw_get_object_acl" time="0.036" /><testcase classname="s3tests.functional.test_s3" name="test_object_put_acl_mtime" time="0.031"><failure message="botocore.exceptions.ClientError: An error occurred (NotImplemented) when calling the PutBucketVersioning operation: A header you provided implies functionality that is not implemented.">s3tests/functional/test_s3.py:3400: in test_object_put_acl_mtime
    check_configure_versioning_retry(bucket_name, "Enabled", "Enabled")
s3tests/functional/test_s3.py:6241: in check_configure_versioning_retry
    client.put_bucket_versioning(Bucket=bucket_name, VersioningConfiguration={'Status': status})
/usr/local/lib/python3.12/site-packages/botocore/client.py:602: in _api_call
    return self._make_api_call(operation_name, kwargs)
           ^^^^^^^^^^^^^^^^^^^^^^^^^^^^^^^^^^^^^^^^^^^
/usr/local/lib/python3.12/site-packages/botocore/context.py:123: in wrapper
    return func(*args, **kwargs)
           ^^^^^^^^^^^^^^^^^^^^^
/usr/local/lib/python3.12/site-packages/botocore/client.py:1078: in _make_api_call
    raise error_class(parsed_response, operation_name)
E   botocore.exceptions.ClientError: An error occurred (NotImplemented) when calling the PutBucketVersioning operation: A header you provided implies functionality that is not implemented.</failure></testcase><testcase classname="s3tests.functional.test_s3" name="test_object_raw_authenticated" time="0.053" /><testcase classname="s3tests.functional.test_s3" name="test_object_raw_response_headers" time="0.048"><failure message="AssertionError: assert 'application/octet-stream' == 'foo/bar'&#10;  &#10;  - foo/bar&#10;  + application/octet-stream">s3tests/functional/test_s3.py:3447: in test_object_raw_response_headers
    assert response['ResponseMetadata']['HTTPHeaders']['content-type'] == 'foo/bar'
E   AssertionError: assert 'application/octet-stream' == 'foo/bar'
E     
E     - foo/bar
E     + application/octet-stream</failure></testcase><testcase classname="s3tests.functional.test_s3" name="test_object_raw_authenticated_bucket_acl" time="0.048" /><testcase classname="s3tests.functional.test_s3" name="test_object_raw_authenticated_object_acl" time="0.044" /><testcase classname="s3tests.functional.test_s3" name="test_object_raw_authenticated_bucket_gone" time="0.068" /><testcase classname="s3tests.functional.test_s3" name="test_object_raw_authenticated_object_gone" time="0.039" /><testcase classname="s3tests.functional.test_s3" name="test_object_raw_get_x_amz_expires_not_expired" time="0.037"><failure message="assert 200 == 400">s3tests/functional/test_s3.py:3503: in test_object_raw_get_x_amz_expires_not_expired
    _test_object_raw_get_x_amz_expires_not_expired(client=get_client())
s3tests/functional/test_s3.py:3497: in _test_object_raw_get_x_amz_expires_not_expired
    assert res['status_code'] == 400
E   assert 200 == 400</failure></testcase><testcase classname="s3tests.functional.test_s3" name="test_object_raw_get_x_amz_expires_not_expired_tenant" time="0.039"><failure message="assert 200 == 400">s3tests/functional/test_s3.py:3506: in test_object_raw_get_x_amz_expires_not_expired_tenant
    _test_object_raw_get_x_amz_expires_not_expired(client=get_tenant_client())
s3tests/functional/test_s3.py:3497: in _test_object_raw_get_x_amz_expires_not_expired
    assert res['status_code'] == 400
E   assert 200 == 400</failure></testcase><testcase classname="s3tests.functional.test_s3" name="test_object_raw_get_x_amz_expires_out_range_zero" time="0.034" /><testcase classname="s3tests.functional.test_s3" name="test_object_raw_get_x_amz_expires_out_max_range" time="0.054" /><testcase classname="s3tests.functional.test_s3" name="test_object_raw_get_x_amz_expires_out_positive_range" time="0.035" /><testcase classname="s3tests.functional.test_s3" name="test_object_content_encoding_aws_chunked" time="0.047" /><testcase classname="s3tests.functional.test_s3" name="test_object_anon_put" time="0.036" /><testcase classname="s3tests.functional.test_s3" name="test_object_anon_put_write_access" time="0.055"><failure message="botocore.errorfactory.AccessDenied: An error occurred (AccessDenied) when calling the PutObject operation: Access Denied">s3tests/functional/test_s3.py:3587: in test_object_anon_put_write_access
    response = unauthenticated_client.put_object(Bucket=bucket_name, Key='foo', Body='foo')
               ^^^^^^^^^^^^^^^^^^^^^^^^^^^^^^^^^^^^^^^^^^^^^^^^^^^^^^^^^^^^^^^^^^^^^^^^^^^^
/usr/local/lib/python3.12/site-packages/botocore/client.py:602: in _api_call
    return self._make_api_call(operation_name, kwargs)
           ^^^^^^^^^^^^^^^^^^^^^^^^^^^^^^^^^^^^^^^^^^^
/usr/local/lib/python3.12/site-packages/botocore/context.py:123: in wrapper
    return func(*args, **kwargs)
           ^^^^^^^^^^^^^^^^^^^^^
/usr/local/lib/python3.12/site-packages/botocore/client.py:1078: in _make_api_call
    raise error_class(parsed_response, operation_name)
E   botocore.errorfactory.AccessDenied: An error occurred (AccessDenied) when calling the PutObject operation: Access Denied</failure></testcase><testcase classname="s3tests.functional.test_s3" name="test_object_put_authenticated" time="0.033" /><testcase classname="s3tests.functional.test_s3" name="test_object_presigned_put_object_with_acl" time="0.029"><failure message="assert 403 == 200&#10; +  where 403 = &lt;Response [403]&gt;.status_code">s3tests/functional/test_s3.py:3620: in test_object_presigned_put_object_with_acl
    _test_object_presigned_put_object_with_acl(
s3tests/functional/test_s3.py:3610: in _test_object_presigned_put_object_with_acl
    assert res.status_code == 200
E   assert 403 == 200
E    +  where 403 = &lt;Response [403]&gt;.status_code</failure></testcase><testcase classname="s3tests.functional.test_s3" name="test_object_presigned_put_object_with_acl_tenant" time="0.030"><failure message="assert 403 == 200&#10; +  where 403 = &lt;Response [403]&gt;.status_code">s3tests/functional/test_s3.py:3624: in test_object_presigned_put_object_with_acl_tenant
    _test_object_presigned_put_object_with_acl(
s3tests/functional/test_s3.py:3610: in _test_object_presigned_put_object_with_acl
    assert res.status_code == 200
E   assert 403 == 200
E    +  where 403 = &lt;Response [403]&gt;.status_code</failure></testcase><testcase classname="s3tests.functional.test_s3" name="test_object_raw_put_authenticated_expired" time="0.053" /><testcase classname="s3tests.functional.test_s3" name="test_bucket_create_naming_bad_starts_nonalpha" time="0.021" /><testcase classname="s3tests.functional.test_s3" name="test_bucket_create_naming_bad_short_one" time="0.021" /><testcase classname="s3tests.functional.test_s3" name="test_bucket_create_naming_bad_short_two" time="0.020" /><testcase classname="s3tests.functional.test_s3" name="test_bucket_create_naming_good_long_60" time="0.047" /><testcase classname="s3tests.functional.test_s3" name="test_bucket_create_naming_good_long_61" time="0.025" /><testcase classname="s3tests.functional.test_s3" name="test_bucket_create_naming_good_long_62" time="0.026" /><testcase classname="s3tests.functional.test_s3" name="test_bucket_create_naming_good_long_63" time="0.025" /><testcase classname="s3tests.functional.test_s3" name="test_bucket_list_long_name" time="0.027" /><testcase classname="s3tests.functional.test_s3" name="test_bucket_create_naming_bad_ip" time="0.038" /><testcase classname="s3tests.functional.test_s3" name="test_bucket_create_naming_dns_underscore" time="0.021" /><testcase classname="s3tests.functional.test_s3" name="test_bucket_create_naming_dns_long" time="0.026" /><testcase classname="s3tests.functional.test_s3" name="test_bucket_create_naming_dns_dash_at_end" time="0.021" /><testcase classname="s3tests.functional.test_s3" name="test_bucket_create_naming_dns_dot_dot" time="0.043" /><testcase classname="s3tests.functional.test_s3" name="test_bucket_create_naming_dns_dot_dash" time="0.028" /><testcase classname="s3tests.functional.test_s3" name="test_bucket_create_naming_dns_dash_dot" time="0.027" /><testcase classname="s3tests.functional.test_s3" name="test_bucket_create_exists" time="0.029" /><testcase classname="s3tests.functional.test_s3" name="test_bucket_get_location" time="0.018"><skipped type="pytest.skip" message="no api_name configured">/s3-tests/s3tests/functional/test_s3.py:3850: no api_name configured</skipped></testcase><testcase classname="s3tests.functional.test_s3" name="test_bucket_create_exists_nonowner" time="0.051"><failure message="AssertionError: ClientError not raised">s3tests/functional/test_s3.py:3871: in test_bucket_create_exists_nonowner
    e = assert_raises(ClientError, alt_client.create_bucket, Bucket=bucket_name)
        ^^^^^^^^^^^^^^^^^^^^^^^^^^^^^^^^^^^^^^^^^^^^^^^^^^^^^^^^^^^^^^^^^^^^^^^^
s3tests/functional/utils.py:19: in assert_raises
    raise AssertionError("%s not raised" % excName)
E   AssertionError: ClientError not raised</failure></testcase><testcase classname="s3tests.functional.test_s3" name="test_bucket_recreate_overwrite_acl" time="0.029"><failure message="AssertionError: ClientError not raised">s3tests/functional/test_s3.py:3882: in test_bucket_recreate_overwrite_acl
    e = assert_raises(ClientError, client.create_bucket, Bucket=bucket_name)
        ^^^^^^^^^^^^^^^^^^^^^^^^^^^^^^^^^^^^^^^^^^^^^^^^^^^^^^^^^^^^^^^^^^^^
s3tests/functional/utils.py:19: in assert_raises
    raise AssertionError("%s not raised" % excName)
E   AssertionError: ClientError not raised</failure></testcase><testcase classname="s3tests.functional.test_s3" name="test_bucket_recreate_new_acl" time="0.031"><failure message="AssertionError: ClientError not raised">s3tests/functional/test_s3.py:3893: in test_bucket_recreate_new_acl
    e = assert_raises(ClientError, client.create_bucket, Bucket=bucket_name, ACL='public-read')
        ^^^^^^^^^^^^^^^^^^^^^^^^^^^^^^^^^^^^^^^^^^^^^^^^^^^^^^^^^^^^^^^^^^^^^^^^^^^^^^^^^^^^^^^
s3tests/functional/utils.py:19: in assert_raises
    raise AssertionError("%s not raised" % excName)
E   AssertionError: ClientError not raised</failure></testcase><testcase classname="s3tests.functional.test_s3" name="test_bucket_acl_default" time="0.043"><failure message="botocore.exceptions.ClientError: An error occurred (NotImplemented) when calling the GetBucketAcl operation: A header you provided implies functionality that is not implemented.">s3tests/functional/test_s3.py:3936: in test_bucket_acl_default
    response = client.get_bucket_acl(Bucket=bucket_name)
               ^^^^^^^^^^^^^^^^^^^^^^^^^^^^^^^^^^^^^^^^^
/usr/local/lib/python3.12/site-packages/botocore/client.py:602: in _api_call
    return self._make_api_call(operation_name, kwargs)
           ^^^^^^^^^^^^^^^^^^^^^^^^^^^^^^^^^^^^^^^^^^^
/usr/local/lib/python3.12/site-packages/botocore/context.py:123: in wrapper
    return func(*args, **kwargs)
           ^^^^^^^^^^^^^^^^^^^^^
/usr/local/lib/python3.12/site-packages/botocore/client.py:1078: in _make_api_call
    raise error_class(parsed_response, operation_name)
E   botocore.exceptions.ClientError: An error occurred (NotImplemented) when calling the GetBucketAcl operation: A header you provided implies functionality that is not implemented.</failure></testcase><testcase classname="s3tests.functional.test_s3" name="test_bucket_acl_canned_during_create" time="0.058"><failure message="botocore.exceptions.ClientError: An error occurred (NotImplemented) when calling the GetBucketAcl operation: A header you provided implies functionality that is not implemented.">s3tests/functional/test_s3.py:3964: in test_bucket_acl_canned_during_create
    response = client.get_bucket_acl(Bucket=bucket_name)
               ^^^^^^^^^^^^^^^^^^^^^^^^^^^^^^^^^^^^^^^^^
/usr/local/lib/python3.12/site-packages/botocore/client.py:602: in _api_call
    return self._make_api_call(operation_name, kwargs)
           ^^^^^^^^^^^^^^^^^^^^^^^^^^^^^^^^^^^^^^^^^^^
/usr/local/lib/python3.12/site-packages/botocore/context.py:123: in wrapper
    return func(*args, **kwargs)
           ^^^^^^^^^^^^^^^^^^^^^
/usr/local/lib/python3.12/site-packages/botocore/client.py:1078: in _make_api_call
    raise error_class(parsed_response, operation_name)
E   botocore.exceptions.ClientError: An error occurred (NotImplemented) when calling the GetBucketAcl operation: A header you provided implies functionality that is not implemented.</failure></testcase><testcase classname="s3tests.functional.test_s3" name="test_bucket_acl_canned" time="0.031"><failure message="botocore.exceptions.ClientError: An error occurred (NotImplemented) when calling the GetBucketAcl operation: A header you provided implies functionality that is not implemented.">s3tests/functional/test_s3.py:3996: in test_bucket_acl_canned
    response = client.get_bucket_acl(Bucket=bucket_name)
               ^^^^^^^^^^^^^^^^^^^^^^^^^^^^^^^^^^^^^^^^^
/usr/local/lib/python3.12/site-packages/botocore/client.py:602: in _api_call
    return self._make_api_call(operation_name, kwargs)
           ^^^^^^^^^^^^^^^^^^^^^^^^^^^^^^^^^^^^^^^^^^^
/usr/local/lib/python3.12/site-packages/botocore/context.py:123: in wrapper
    return func(*args, **kwargs)
           ^^^^^^^^^^^^^^^^^^^^^
/usr/local/lib/python3.12/site-packages/botocore/client.py:1078: in _make_api_call
    raise error_class(parsed_response, operation_name)
E   botocore.exceptions.ClientError: An error occurred (NotImplemented) when calling the GetBucketAcl operation: A header you provided implies functionality that is not implemented.</failure></testcase><testcase classname="s3tests.functional.test_s3" name="test_bucket_acl_canned_publicreadwrite" time="0.029"><failure message="botocore.exceptions.ClientError: An error occurred (NotImplemented) when calling the GetBucketAcl operation: A header you provided implies functionality that is not implemented.">s3tests/functional/test_s3.py:4046: in test_bucket_acl_canned_publicreadwrite
    response = client.get_bucket_acl(Bucket=bucket_name)
               ^^^^^^^^^^^^^^^^^^^^^^^^^^^^^^^^^^^^^^^^^
/usr/local/lib/python3.12/site-packages/botocore/client.py:602: in _api_call
    return self._make_api_call(operation_name, kwargs)
           ^^^^^^^^^^^^^^^^^^^^^^^^^^^^^^^^^^^^^^^^^^^
/usr/local/lib/python3.12/site-packages/botocore/context.py:123: in wrapper
    return func(*args, **kwargs)
           ^^^^^^^^^^^^^^^^^^^^^
/usr/local/lib/python3.12/site-packages/botocore/client.py:1078: in _make_api_call
    raise error_class(parsed_response, operation_name)
E   botocore.exceptions.ClientError: An error occurred (NotImplemented) when calling the GetBucketAcl operation: A header you provided implies functionality that is not implemented.</failure></testcase><testcase classname="s3tests.functional.test_s3" name="test_bucket_acl_canned_authenticatedread" time="0.030"><failure message="botocore.exceptions.ClientError: An error occurred (NotImplemented) when calling the GetBucketAcl operation: A header you provided implies functionality that is not implemented.">s3tests/functional/test_s3.py:4085: in test_bucket_acl_canned_authenticatedread
    response = client.get_bucket_acl(Bucket=bucket_name)
               ^^^^^^^^^^^^^^^^^^^^^^^^^^^^^^^^^^^^^^^^^
/usr/local/lib/python3.12/site-packages/botocore/client.py:602: in _api_call
    return self._make_api_call(operation_name, kwargs)
           ^^^^^^^^^^^^^^^^^^^^^^^^^^^^^^^^^^^^^^^^^^^
/usr/local/lib/python3.12/site-packages/botocore/context.py:123: in wrapper
    return func(*args, **kwargs)
           ^^^^^^^^^^^^^^^^^^^^^
/usr/local/lib/python3.12/site-packages/botocore/client.py:1078: in _make_api_call
    raise error_class(parsed_response, operation_name)
E   botocore.exceptions.ClientError: An error occurred (NotImplemented) when calling the GetBucketAcl operation: A header you provided implies functionality that is not implemented.</failure></testcase><testcase classname="s3tests.functional.test_s3" name="test_put_bucket_acl_grant_group_read" time="0.053"><failure message="botocore.exceptions.ClientError: An error occurred (NotImplemented) when calling the GetBucketAcl operation: A header you provided implies functionality that is not implemented.">s3tests/functional/test_s3.py:4120: in test_put_bucket_acl_grant_group_read
    policy = add_bucket_user_grant(bucket_name, grant)
             ^^^^^^^^^^^^^^^^^^^^^^^^^^^^^^^^^^^^^^^^^
s3tests/functional/test_s3.py:4517: in add_bucket_user_grant
    response = client.get_bucket_acl(Bucket=bucket_name)
               ^^^^^^^^^^^^^^^^^^^^^^^^^^^^^^^^^^^^^^^^^
/usr/local/lib/python3.12/site-packages/botocore/client.py:602: in _api_call
    return self._make_api_call(operation_name, kwargs)
           ^^^^^^^^^^^^^^^^^^^^^^^^^^^^^^^^^^^^^^^^^^^
/usr/local/lib/python3.12/site-packages/botocore/context.py:123: in wrapper
    return func(*args, **kwargs)
           ^^^^^^^^^^^^^^^^^^^^^
/usr/local/lib/python3.12/site-packages/botocore/client.py:1078: in _make_api_call
    raise error_class(parsed_response, operation_name)
E   botocore.exceptions.ClientError: An error occurred (NotImplemented) when calling the GetBucketAcl operation: A header you provided implies functionality that is not implemented.</failure></testcase><testcase classname="s3tests.functional.test_s3" name="test_object_acl_default" time="4.144"><failure message="botocore.exceptions.ClientError: An error occurred (500) when calling the GetObjectAcl operation (reached max retries: 4): Internal Server Error">s3tests/functional/test_s3.py:4153: in test_object_acl_default
    response = client.get_object_acl(Bucket=bucket_name, Key='foo')
               ^^^^^^^^^^^^^^^^^^^^^^^^^^^^^^^^^^^^^^^^^^^^^^^^^^^^
/usr/local/lib/python3.12/site-packages/botocore/client.py:602: in _api_call
    return self._make_api_call(operation_name, kwargs)
           ^^^^^^^^^^^^^^^^^^^^^^^^^^^^^^^^^^^^^^^^^^^
/usr/local/lib/python3.12/site-packages/botocore/context.py:123: in wrapper
    return func(*args, **kwargs)
           ^^^^^^^^^^^^^^^^^^^^^
/usr/local/lib/python3.12/site-packages/botocore/client.py:1078: in _make_api_call
    raise error_class(parsed_response, operation_name)
E   botocore.exceptions.ClientError: An error occurred (500) when calling the GetObjectAcl operation (reached max retries: 4): Internal Server Error</failure></testcase><testcase classname="s3tests.functional.test_s3" name="test_object_acl_canned_during_create" time="12.731"><failure message="botocore.exceptions.ClientError: An error occurred (500) when calling the GetObjectAcl operation (reached max retries: 4): Internal Server Error">s3tests/functional/test_s3.py:4179: in test_object_acl_canned_during_create
    response = client.get_object_acl(Bucket=bucket_name, Key='foo')
               ^^^^^^^^^^^^^^^^^^^^^^^^^^^^^^^^^^^^^^^^^^^^^^^^^^^^
/usr/local/lib/python3.12/site-packages/botocore/client.py:602: in _api_call
    return self._make_api_call(operation_name, kwargs)
           ^^^^^^^^^^^^^^^^^^^^^^^^^^^^^^^^^^^^^^^^^^^
/usr/local/lib/python3.12/site-packages/botocore/context.py:123: in wrapper
    return func(*args, **kwargs)
           ^^^^^^^^^^^^^^^^^^^^^
/usr/local/lib/python3.12/site-packages/botocore/client.py:1078: in _make_api_call
    raise error_class(parsed_response, operation_name)
E   botocore.exceptions.ClientError: An error occurred (500) when calling the GetObjectAcl operation (reached max retries: 4): Internal Server Error</failure></testcase><testcase classname="s3tests.functional.test_s3" name="test_object_acl_canned" time="8.514"><failure message="botocore.exceptions.ClientError: An error occurred (500) when calling the GetObjectAcl operation (reached max retries: 4): Internal Server Error">s3tests/functional/test_s3.py:4214: in test_object_acl_canned
    response = client.get_object_acl(Bucket=bucket_name, Key='foo')
               ^^^^^^^^^^^^^^^^^^^^^^^^^^^^^^^^^^^^^^^^^^^^^^^^^^^^
/usr/local/lib/python3.12/site-packages/botocore/client.py:602: in _api_call
    return self._make_api_call(operation_name, kwargs)
           ^^^^^^^^^^^^^^^^^^^^^^^^^^^^^^^^^^^^^^^^^^^
/usr/local/lib/python3.12/site-packages/botocore/context.py:123: in wrapper
    return func(*args, **kwargs)
           ^^^^^^^^^^^^^^^^^^^^^
/usr/local/lib/python3.12/site-packages/botocore/client.py:1078: in _make_api_call
    raise error_class(parsed_response, operation_name)
E   botocore.exceptions.ClientError: An error occurred (500) when calling the GetObjectAcl operation (reached max retries: 4): Internal Server Error</failure></testcase><testcase classname="s3tests.functional.test_s3" name="test_object_acl_canned_publicreadwrite" time="8.114"><failure message="botocore.exceptions.ClientError: An error occurred (500) when calling the GetObjectAcl operation (reached max retries: 4): Internal Server Error">s3tests/functional/test_s3.py:4266: in test_object_acl_canned_publicreadwrite
    response = client.get_object_acl(Bucket=bucket_name, Key='foo')
               ^^^^^^^^^^^^^^^^^^^^^^^^^^^^^^^^^^^^^^^^^^^^^^^^^^^^
/usr/local/lib/python3.12/site-packages/botocore/client.py:602: in _api_call
    return self._make_api_call(operation_name, kwargs)
           ^^^^^^^^^^^^^^^^^^^^^^^^^^^^^^^^^^^^^^^^^^^
/usr/local/lib/python3.12/site-packages/botocore/context.py:123: in wrapper
    return func(*args, **kwargs)
           ^^^^^^^^^^^^^^^^^^^^^
/usr/local/lib/python3.12/site-packages/botocore/client.py:1078: in _make_api_call
    raise error_class(parsed_response, operation_name)
E   botocore.exceptions.ClientError: An error occurred (500) when calling the GetObjectAcl operation (reached max retries: 4): Internal Server Error</failure></testcase><testcase classname="s3tests.functional.test_s3" name="test_object_acl_canned_authenticatedread" time="6.076"><failure message="botocore.exceptions.ClientError: An error occurred (500) when calling the GetObjectAcl operation (reached max retries: 4): Internal Server Error">s3tests/functional/test_s3.py:4307: in test_object_acl_canned_authenticatedread
    response = client.get_object_acl(Bucket=bucket_name, Key='foo')
               ^^^^^^^^^^^^^^^^^^^^^^^^^^^^^^^^^^^^^^^^^^^^^^^^^^^^
/usr/local/lib/python3.12/site-packages/botocore/client.py:602: in _api_call
    return self._make_api_call(operation_name, kwargs)
           ^^^^^^^^^^^^^^^^^^^^^^^^^^^^^^^^^^^^^^^^^^^
/usr/local/lib/python3.12/site-packages/botocore/context.py:123: in wrapper
    return func(*args, **kwargs)
           ^^^^^^^^^^^^^^^^^^^^^
/usr/local/lib/python3.12/site-packages/botocore/client.py:1078: in _make_api_call
    raise error_class(parsed_response, operation_name)
E   botocore.exceptions.ClientError: An error occurred (500) when calling the GetObjectAcl operation (reached max retries: 4): Internal Server Error</failure></testcase><testcase classname="s3tests.functional.test_s3" name="test_object_acl_canned_bucketownerread" time="0.035"><failure message="botocore.exceptions.ClientError: An error occurred (NotImplemented) when calling the GetBucketAcl operation: A header you provided implies functionality that is not implemented.">s3tests/functional/test_s3.py:4344: in test_object_acl_canned_bucketownerread
    bucket_acl_response = main_client.get_bucket_acl(Bucket=bucket_name)
                          ^^^^^^^^^^^^^^^^^^^^^^^^^^^^^^^^^^^^^^^^^^^^^^
/usr/local/lib/python3.12/site-packages/botocore/client.py:602: in _api_call
    return self._make_api_call(operation_name, kwargs)
           ^^^^^^^^^^^^^^^^^^^^^^^^^^^^^^^^^^^^^^^^^^^
/usr/local/lib/python3.12/site-packages/botocore/context.py:123: in wrapper
    return func(*args, **kwargs)
           ^^^^^^^^^^^^^^^^^^^^^
/usr/local/lib/python3.12/site-packages/botocore/client.py:1078: in _make_api_call
    raise error_class(parsed_response, operation_name)
E   botocore.exceptions.ClientError: An error occurred (NotImplemented) when calling the GetBucketAcl operation: A header you provided implies functionality that is not implemented.</failure></testcase><testcase classname="s3tests.functional.test_s3" name="test_object_acl_canned_bucketownerfullcontrol" time="0.037"><failure message="botocore.exceptions.ClientError: An error occurred (NotImplemented) when calling the GetBucketAcl operation: A header you provided implies functionality that is not implemented.">s3tests/functional/test_s3.py:4386: in test_object_acl_canned_bucketownerfullcontrol
    bucket_acl_response = main_client.get_bucket_acl(Bucket=bucket_name)
                          ^^^^^^^^^^^^^^^^^^^^^^^^^^^^^^^^^^^^^^^^^^^^^^
/usr/local/lib/python3.12/site-packages/botocore/client.py:602: in _api_call
    return self._make_api_call(operation_name, kwargs)
           ^^^^^^^^^^^^^^^^^^^^^^^^^^^^^^^^^^^^^^^^^^^
/usr/local/lib/python3.12/site-packages/botocore/context.py:123: in wrapper
    return func(*args, **kwargs)
           ^^^^^^^^^^^^^^^^^^^^^
/usr/local/lib/python3.12/site-packages/botocore/client.py:1078: in _make_api_call
    raise error_class(parsed_response, operation_name)
E   botocore.exceptions.ClientError: An error occurred (NotImplemented) when calling the GetBucketAcl operation: A header you provided implies functionality that is not implemented.</failure></testcase><testcase classname="s3tests.functional.test_s3" name="test_object_acl_full_control_verify_owner" time="0.059" /><testcase classname="s3tests.functional.test_s3" name="test_object_acl_full_control_verify_attributes" time="2.959"><failure message="botocore.exceptions.ClientError: An error occurred (500) when calling the GetObjectAcl operation (reached max retries: 4): Internal Server Error">s3tests/functional/test_s3.py:4490: in test_object_acl_full_control_verify_attributes
    grants = add_obj_user_grant(bucket_name, 'foo', grant)
             ^^^^^^^^^^^^^^^^^^^^^^^^^^^^^^^^^^^^^^^^^^^^^
s3tests/functional/test_s3.py:4459: in add_obj_user_grant
    response = client.get_object_acl(Bucket=bucket_name, Key=key)
               ^^^^^^^^^^^^^^^^^^^^^^^^^^^^^^^^^^^^^^^^^^^^^^^^^^
/usr/local/lib/python3.12/site-packages/botocore/client.py:602: in _api_call
    return self._make_api_call(operation_name, kwargs)
           ^^^^^^^^^^^^^^^^^^^^^^^^^^^^^^^^^^^^^^^^^^^
/usr/local/lib/python3.12/site-packages/botocore/context.py:123: in wrapper
    return func(*args, **kwargs)
           ^^^^^^^^^^^^^^^^^^^^^
/usr/local/lib/python3.12/site-packages/botocore/client.py:1078: in _make_api_call
    raise error_class(parsed_response, operation_name)
E   botocore.exceptions.ClientError: An error occurred (500) when calling the GetObjectAcl operation (reached max retries: 4): Internal Server Error</failure></testcase><testcase classname="s3tests.functional.test_s3" name="test_bucket_acl_canned_private_to_private" time="0.035"><failure message="botocore.exceptions.ClientError: An error occurred (NotImplemented) when calling the PutBucketAcl operation: A header you provided implies functionality that is not implemented.">s3tests/functional/test_s3.py:4502: in test_bucket_acl_canned_private_to_private
    response = client.put_bucket_acl(Bucket=bucket_name, ACL='private')
               ^^^^^^^^^^^^^^^^^^^^^^^^^^^^^^^^^^^^^^^^^^^^^^^^^^^^^^^^
/usr/local/lib/python3.12/site-packages/botocore/client.py:602: in _api_call
    return self._make_api_call(operation_name, kwargs)
           ^^^^^^^^^^^^^^^^^^^^^^^^^^^^^^^^^^^^^^^^^^^
/usr/local/lib/python3.12/site-packages/botocore/context.py:123: in wrapper
    return func(*args, **kwargs)
           ^^^^^^^^^^^^^^^^^^^^^
/usr/local/lib/python3.12/site-packages/botocore/client.py:1078: in _make_api_call
    raise error_class(parsed_response, operation_name)
E   botocore.exceptions.ClientError: An error occurred (NotImplemented) when calling the PutBucketAcl operation: A header you provided implies functionality that is not implemented.</failure></testcase><testcase classname="s3tests.functional.test_s3" name="test_object_acl" time="12.856"><failure message="botocore.exceptions.ClientError: An error occurred (500) when calling the GetObjectAcl operation (reached max retries: 4): Internal Server Error">s3tests/functional/test_s3.py:4568: in test_object_acl
    _check_object_acl('FULL_CONTROL')
s3tests/functional/test_s3.py:4536: in _check_object_acl
    response = client.get_object_acl(Bucket=bucket_name, Key='foo')
               ^^^^^^^^^^^^^^^^^^^^^^^^^^^^^^^^^^^^^^^^^^^^^^^^^^^^
/usr/local/lib/python3.12/site-packages/botocore/client.py:602: in _api_call
    return self._make_api_call(operation_name, kwargs)
           ^^^^^^^^^^^^^^^^^^^^^^^^^^^^^^^^^^^^^^^^^^^
/usr/local/lib/python3.12/site-packages/botocore/context.py:123: in wrapper
    return func(*args, **kwargs)
           ^^^^^^^^^^^^^^^^^^^^^
/usr/local/lib/python3.12/site-packages/botocore/client.py:1078: in _make_api_call
    raise error_class(parsed_response, operation_name)
E   botocore.exceptions.ClientError: An error occurred (500) when calling the GetObjectAcl operation (reached max retries: 4): Internal Server Error</failure></testcase><testcase classname="s3tests.functional.test_s3" name="test_object_acl_write" time="8.132"><failure message="botocore.exceptions.ClientError: An error occurred (500) when calling the GetObjectAcl operation (reached max retries: 4): Internal Server Error">s3tests/functional/test_s3.py:4572: in test_object_acl_write
    _check_object_acl('WRITE')
s3tests/functional/test_s3.py:4536: in _check_object_acl
    response = client.get_object_acl(Bucket=bucket_name, Key='foo')
               ^^^^^^^^^^^^^^^^^^^^^^^^^^^^^^^^^^^^^^^^^^^^^^^^^^^^
/usr/local/lib/python3.12/site-packages/botocore/client.py:602: in _api_call
    return self._make_api_call(operation_name, kwargs)
           ^^^^^^^^^^^^^^^^^^^^^^^^^^^^^^^^^^^^^^^^^^^
/usr/local/lib/python3.12/site-packages/botocore/context.py:123: in wrapper
    return func(*args, **kwargs)
           ^^^^^^^^^^^^^^^^^^^^^
/usr/local/lib/python3.12/site-packages/botocore/client.py:1078: in _make_api_call
    raise error_class(parsed_response, operation_name)
E   botocore.exceptions.ClientError: An error occurred (500) when calling the GetObjectAcl operation (reached max retries: 4): Internal Server Error</failure></testcase><testcase classname="s3tests.functional.test_s3" name="test_object_acl_writeacp" time="4.524"><failure message="botocore.exceptions.ClientError: An error occurred (500) when calling the GetObjectAcl operation (reached max retries: 4): Internal Server Error">s3tests/functional/test_s3.py:4576: in test_object_acl_writeacp
    _check_object_acl('WRITE_ACP')
s3tests/functional/test_s3.py:4536: in _check_object_acl
    response = client.get_object_acl(Bucket=bucket_name, Key='foo')
               ^^^^^^^^^^^^^^^^^^^^^^^^^^^^^^^^^^^^^^^^^^^^^^^^^^^^
/usr/local/lib/python3.12/site-packages/botocore/client.py:602: in _api_call
    return self._make_api_call(operation_name, kwargs)
           ^^^^^^^^^^^^^^^^^^^^^^^^^^^^^^^^^^^^^^^^^^^
/usr/local/lib/python3.12/site-packages/botocore/context.py:123: in wrapper
    return func(*args, **kwargs)
           ^^^^^^^^^^^^^^^^^^^^^
/usr/local/lib/python3.12/site-packages/botocore/client.py:1078: in _make_api_call
    raise error_class(parsed_response, operation_name)
E   botocore.exceptions.ClientError: An error occurred (500) when calling the GetObjectAcl operation (reached max retries: 4): Internal Server Error</failure></testcase><testcase classname="s3tests.functional.test_s3" name="test_object_acl_read" time="7.807"><failure message="botocore.exceptions.ClientError: An error occurred (500) when calling the GetObjectAcl operation (reached max retries: 4): Internal Server Error">s3tests/functional/test_s3.py:4581: in test_object_acl_read
    _check_object_acl('READ')
s3tests/functional/test_s3.py:4536: in _check_object_acl
    response = client.get_object_acl(Bucket=bucket_name, Key='foo')
               ^^^^^^^^^^^^^^^^^^^^^^^^^^^^^^^^^^^^^^^^^^^^^^^^^^^^
/usr/local/lib/python3.12/site-packages/botocore/client.py:602: in _api_call
    return self._make_api_call(operation_name, kwargs)
           ^^^^^^^^^^^^^^^^^^^^^^^^^^^^^^^^^^^^^^^^^^^
/usr/local/lib/python3.12/site-packages/botocore/context.py:123: in wrapper
    return func(*args, **kwargs)
           ^^^^^^^^^^^^^^^^^^^^^
/usr/local/lib/python3.12/site-packages/botocore/client.py:1078: in _make_api_call
    raise error_class(parsed_response, operation_name)
E   botocore.exceptions.ClientError: An error occurred (500) when calling the GetObjectAcl operation (reached max retries: 4): Internal Server Error</failure></testcase><testcase classname="s3tests.functional.test_s3" name="test_object_acl_readacp" time="4.544"><failure message="botocore.exceptions.ClientError: An error occurred (500) when calling the GetObjectAcl operation (reached max retries: 4): Internal Server Error">s3tests/functional/test_s3.py:4586: in test_object_acl_readacp
    _check_object_acl('READ_ACP')
s3tests/functional/test_s3.py:4536: in _check_object_acl
    response = client.get_object_acl(Bucket=bucket_name, Key='foo')
               ^^^^^^^^^^^^^^^^^^^^^^^^^^^^^^^^^^^^^^^^^^^^^^^^^^^^
/usr/local/lib/python3.12/site-packages/botocore/client.py:602: in _api_call
    return self._make_api_call(operation_name, kwargs)
           ^^^^^^^^^^^^^^^^^^^^^^^^^^^^^^^^^^^^^^^^^^^
/usr/local/lib/python3.12/site-packages/botocore/context.py:123: in wrapper
    return func(*args, **kwargs)
           ^^^^^^^^^^^^^^^^^^^^^
/usr/local/lib/python3.12/site-packages/botocore/client.py:1078: in _make_api_call
    raise error_class(parsed_response, operation_name)
E   botocore.exceptions.ClientError: An error occurred (500) when calling the GetObjectAcl operation (reached max retries: 4): Internal Server Error</failure></testcase><testcase classname="s3tests.functional.test_s3" name="test_bucket_acl_grant_userid_fullcontrol" time="0.035"><failure message="botocore.exceptions.ClientError: An error occurred (NotImplemented) when calling the GetBucketAcl operation: A header you provided implies functionality that is not implemented.">s3tests/functional/test_s3.py:4695: in test_bucket_acl_grant_userid_fullcontrol
    bucket_name = _bucket_acl_grant_userid('FULL_CONTROL')
                  ^^^^^^^^^^^^^^^^^^^^^^^^^^^^^^^^^^^^^^^^
s3tests/functional/test_s3.py:4605: in _bucket_acl_grant_userid
    grant = add_bucket_user_grant(bucket_name, grant)
            ^^^^^^^^^^^^^^^^^^^^^^^^^^^^^^^^^^^^^^^^^
s3tests/functional/test_s3.py:4517: in add_bucket_user_grant
    response = client.get_bucket_acl(Bucket=bucket_name)
               ^^^^^^^^^^^^^^^^^^^^^^^^^^^^^^^^^^^^^^^^^
/usr/local/lib/python3.12/site-packages/botocore/client.py:602: in _api_call
    return self._make_api_call(operation_name, kwargs)
           ^^^^^^^^^^^^^^^^^^^^^^^^^^^^^^^^^^^^^^^^^^^
/usr/local/lib/python3.12/site-packages/botocore/context.py:123: in wrapper
    return func(*args, **kwargs)
           ^^^^^^^^^^^^^^^^^^^^^
/usr/local/lib/python3.12/site-packages/botocore/client.py:1078: in _make_api_call
    raise error_class(parsed_response, operation_name)
E   botocore.exceptions.ClientError: An error occurred (NotImplemented) when calling the GetBucketAcl operation: A header you provided implies functionality that is not implemented.</failure></testcase><testcase classname="s3tests.functional.test_s3" name="test_bucket_acl_grant_userid_read" time="0.034"><failure message="botocore.exceptions.ClientError: An error occurred (NotImplemented) when calling the GetBucketAcl operation: A header you provided implies functionality that is not implemented.">s3tests/functional/test_s3.py:4720: in test_bucket_acl_grant_userid_read
    bucket_name = _bucket_acl_grant_userid('READ')
                  ^^^^^^^^^^^^^^^^^^^^^^^^^^^^^^^^
s3tests/functional/test_s3.py:4605: in _bucket_acl_grant_userid
    grant = add_bucket_user_grant(bucket_name, grant)
            ^^^^^^^^^^^^^^^^^^^^^^^^^^^^^^^^^^^^^^^^^
s3tests/functional/test_s3.py:4517: in add_bucket_user_grant
    response = client.get_bucket_acl(Bucket=bucket_name)
               ^^^^^^^^^^^^^^^^^^^^^^^^^^^^^^^^^^^^^^^^^
/usr/local/lib/python3.12/site-packages/botocore/client.py:602: in _api_call
    return self._make_api_call(operation_name, kwargs)
           ^^^^^^^^^^^^^^^^^^^^^^^^^^^^^^^^^^^^^^^^^^^
/usr/local/lib/python3.12/site-packages/botocore/context.py:123: in wrapper
    return func(*args, **kwargs)
           ^^^^^^^^^^^^^^^^^^^^^
/usr/local/lib/python3.12/site-packages/botocore/client.py:1078: in _make_api_call
    raise error_class(parsed_response, operation_name)
E   botocore.exceptions.ClientError: An error occurred (NotImplemented) when calling the GetBucketAcl operation: A header you provided implies functionality that is not implemented.</failure></testcase><testcase classname="s3tests.functional.test_s3" name="test_bucket_acl_grant_userid_readacp" time="0.034"><failure message="botocore.exceptions.ClientError: An error occurred (NotImplemented) when calling the GetBucketAcl operation: A header you provided implies functionality that is not implemented.">s3tests/functional/test_s3.py:4733: in test_bucket_acl_grant_userid_readacp
    bucket_name = _bucket_acl_grant_userid('READ_ACP')
                  ^^^^^^^^^^^^^^^^^^^^^^^^^^^^^^^^^^^^
s3tests/functional/test_s3.py:4605: in _bucket_acl_grant_userid
    grant = add_bucket_user_grant(bucket_name, grant)
            ^^^^^^^^^^^^^^^^^^^^^^^^^^^^^^^^^^^^^^^^^
s3tests/functional/test_s3.py:4517: in add_bucket_user_grant
    response = client.get_bucket_acl(Bucket=bucket_name)
               ^^^^^^^^^^^^^^^^^^^^^^^^^^^^^^^^^^^^^^^^^
/usr/local/lib/python3.12/site-packages/botocore/client.py:602: in _api_call
    return self._make_api_call(operation_name, kwargs)
           ^^^^^^^^^^^^^^^^^^^^^^^^^^^^^^^^^^^^^^^^^^^
/usr/local/lib/python3.12/site-packages/botocore/context.py:123: in wrapper
    return func(*args, **kwargs)
           ^^^^^^^^^^^^^^^^^^^^^
/usr/local/lib/python3.12/site-packages/botocore/client.py:1078: in _make_api_call
    raise error_class(parsed_response, operation_name)
E   botocore.exceptions.ClientError: An error occurred (NotImplemented) when calling the GetBucketAcl operation: A header you provided implies functionality that is not implemented.</failure></testcase><testcase classname="s3tests.functional.test_s3" name="test_bucket_acl_grant_userid_write" time="0.063"><failure message="botocore.exceptions.ClientError: An error occurred (NotImplemented) when calling the GetBucketAcl operation: A header you provided implies functionality that is not implemented.">s3tests/functional/test_s3.py:4747: in test_bucket_acl_grant_userid_write
    bucket_name = _bucket_acl_grant_userid('WRITE')
                  ^^^^^^^^^^^^^^^^^^^^^^^^^^^^^^^^^
s3tests/functional/test_s3.py:4605: in _bucket_acl_grant_userid
    grant = add_bucket_user_grant(bucket_name, grant)
            ^^^^^^^^^^^^^^^^^^^^^^^^^^^^^^^^^^^^^^^^^
s3tests/functional/test_s3.py:4517: in add_bucket_user_grant
    response = client.get_bucket_acl(Bucket=bucket_name)
               ^^^^^^^^^^^^^^^^^^^^^^^^^^^^^^^^^^^^^^^^^
/usr/local/lib/python3.12/site-packages/botocore/client.py:602: in _api_call
    return self._make_api_call(operation_name, kwargs)
           ^^^^^^^^^^^^^^^^^^^^^^^^^^^^^^^^^^^^^^^^^^^
/usr/local/lib/python3.12/site-packages/botocore/context.py:123: in wrapper
    return func(*args, **kwargs)
           ^^^^^^^^^^^^^^^^^^^^^
/usr/local/lib/python3.12/site-packages/botocore/client.py:1078: in _make_api_call
    raise error_class(parsed_response, operation_name)
E   botocore.exceptions.ClientError: An error occurred (NotImplemented) when calling the GetBucketAcl operation: A header you provided implies functionality that is not implemented.</failure></testcase><testcase classname="s3tests.functional.test_s3" name="test_bucket_acl_grant_userid_writeacp" time="0.033"><failure message="botocore.exceptions.ClientError: An error occurred (NotImplemented) when calling the GetBucketAcl operation: A header you provided implies functionality that is not implemented.">s3tests/functional/test_s3.py:4760: in test_bucket_acl_grant_userid_writeacp
    bucket_name = _bucket_acl_grant_userid('WRITE_ACP')
                  ^^^^^^^^^^^^^^^^^^^^^^^^^^^^^^^^^^^^^
s3tests/functional/test_s3.py:4605: in _bucket_acl_grant_userid
    grant = add_bucket_user_grant(bucket_name, grant)
            ^^^^^^^^^^^^^^^^^^^^^^^^^^^^^^^^^^^^^^^^^
s3tests/functional/test_s3.py:4517: in add_bucket_user_grant
    response = client.get_bucket_acl(Bucket=bucket_name)
               ^^^^^^^^^^^^^^^^^^^^^^^^^^^^^^^^^^^^^^^^^
/usr/local/lib/python3.12/site-packages/botocore/client.py:602: in _api_call
    return self._make_api_call(operation_name, kwargs)
           ^^^^^^^^^^^^^^^^^^^^^^^^^^^^^^^^^^^^^^^^^^^
/usr/local/lib/python3.12/site-packages/botocore/context.py:123: in wrapper
    return func(*args, **kwargs)
           ^^^^^^^^^^^^^^^^^^^^^
/usr/local/lib/python3.12/site-packages/botocore/client.py:1078: in _make_api_call
    raise error_class(parsed_response, operation_name)
E   botocore.exceptions.ClientError: An error occurred (NotImplemented) when calling the GetBucketAcl operation: A header you provided implies functionality that is not implemented.</failure></testcase><testcase classname="s3tests.functional.test_s3" name="test_bucket_acl_grant_nonexist_user" time="0.032"><failure message="botocore.exceptions.ClientError: An error occurred (NotImplemented) when calling the GetBucketAcl operation: A header you provided implies functionality that is not implemented.">s3tests/functional/test_s3.py:4780: in test_bucket_acl_grant_nonexist_user
    grant = add_bucket_user_grant(bucket_name, grant)
            ^^^^^^^^^^^^^^^^^^^^^^^^^^^^^^^^^^^^^^^^^
s3tests/functional/test_s3.py:4517: in add_bucket_user_grant
    response = client.get_bucket_acl(Bucket=bucket_name)
[...]
    _test_copy_enc(obj_size, source_mode_key, dest_mode_key, source_storage_class, dest_storage_class)
s3tests/functional/test_s3.py:19897: in _test_copy_enc
    assert dest_args.get('assert', lambda r: True)(response)
           ^^^^^^^^^^^^^^^^^^^^^^^^^^^^^^^^^^^^^^^^^^^^^^^^^
s3tests/functional/test_s3.py:19844: in &lt;lambda&gt;
    'assert': lambda r: r['ResponseMetadata']['HTTPHeaders']['x-amz-server-side-encryption'] == 'AES256',
                        ^^^^^^^^^^^^^^^^^^^^^^^^^^^^^^^^^^^^^^^^^^^^^^^^^^^^^^^^^^^^^^^^^^^^
E   KeyError: 'x-amz-server-side-encryption'</failure></testcase><testcase classname="s3tests.functional.test_s3" name="test_copy_enc[sse-c-sse-s3-STANDARD-STANDARD-1048576]" time="0.057"><failure message="KeyError: 'x-amz-server-side-encryption'">s3tests/functional/test_s3.py:20143: in test_copy_enc
    _test_copy_enc(obj_size, source_mode_key, dest_mode_key, source_storage_class, dest_storage_class)
s3tests/functional/test_s3.py:19897: in _test_copy_enc
    assert dest_args.get('assert', lambda r: True)(response)
           ^^^^^^^^^^^^^^^^^^^^^^^^^^^^^^^^^^^^^^^^^^^^^^^^^
s3tests/functional/test_s3.py:19844: in &lt;lambda&gt;
    'assert': lambda r: r['ResponseMetadata']['HTTPHeaders']['x-amz-server-side-encryption'] == 'AES256',
                        ^^^^^^^^^^^^^^^^^^^^^^^^^^^^^^^^^^^^^^^^^^^^^^^^^^^^^^^^^^^^^^^^^^^^
E   KeyError: 'x-amz-server-side-encryption'</failure></testcase><testcase classname="s3tests.functional.test_s3" name="test_copy_enc[sse-c-sse-s3-STANDARD-STANDARD-8388608]" time="0.130"><failure message="KeyError: 'x-amz-server-side-encryption'">s3tests/functional/test_s3.py:20143: in test_copy_enc
    _test_copy_enc(obj_size, source_mode_key, dest_mode_key, source_storage_class, dest_storage_class)
s3tests/functional/test_s3.py:19897: in _test_copy_enc
    assert dest_args.get('assert', lambda r: True)(response)
           ^^^^^^^^^^^^^^^^^^^^^^^^^^^^^^^^^^^^^^^^^^^^^^^^^
s3tests/functional/test_s3.py:19844: in &lt;lambda&gt;
    'assert': lambda r: r['ResponseMetadata']['HTTPHeaders']['x-amz-server-side-encryption'] == 'AES256',
                        ^^^^^^^^^^^^^^^^^^^^^^^^^^^^^^^^^^^^^^^^^^^^^^^^^^^^^^^^^^^^^^^^^^^^
E   KeyError: 'x-amz-server-side-encryption'</failure></testcase><testcase classname="s3tests.functional.test_s3" name="test_copy_enc[sse-c-sse-c-STANDARD-STANDARD-1]" time="0.055"><failure message="KeyError: 'x-amz-server-side-encryption-customer-algorithm'">s3tests/functional/test_s3.py:20143: in test_copy_enc
    _test_copy_enc(obj_size, source_mode_key, dest_mode_key, source_storage_class, dest_storage_class)
s3tests/functional/test_s3.py:19897: in _test_copy_enc
    assert dest_args.get('assert', lambda r: True)(response)
           ^^^^^^^^^^^^^^^^^^^^^^^^^^^^^^^^^^^^^^^^^^^^^^^^^
s3tests/functional/test_s3.py:19859: in &lt;lambda&gt;
    r['ResponseMetadata']['HTTPHeaders']['x-amz-server-side-encryption-customer-algorithm'] == 'AES256' and
    ^^^^^^^^^^^^^^^^^^^^^^^^^^^^^^^^^^^^^^^^^^^^^^^^^^^^^^^^^^^^^^^^^^^^^^^^^^^^^^^^^^^^^^^
E   KeyError: 'x-amz-server-side-encryption-customer-algorithm'</failure></testcase><testcase classname="s3tests.functional.test_s3" name="test_copy_enc[sse-c-sse-c-STANDARD-STANDARD-1024]" time="0.077"><failure message="KeyError: 'x-amz-server-side-encryption-customer-algorithm'">s3tests/functional/test_s3.py:20143: in test_copy_enc
    _test_copy_enc(obj_size, source_mode_key, dest_mode_key, source_storage_class, dest_storage_class)
s3tests/functional/test_s3.py:19897: in _test_copy_enc
    assert dest_args.get('assert', lambda r: True)(response)
           ^^^^^^^^^^^^^^^^^^^^^^^^^^^^^^^^^^^^^^^^^^^^^^^^^
s3tests/functional/test_s3.py:19859: in &lt;lambda&gt;
    r['ResponseMetadata']['HTTPHeaders']['x-amz-server-side-encryption-customer-algorithm'] == 'AES256' and
    ^^^^^^^^^^^^^^^^^^^^^^^^^^^^^^^^^^^^^^^^^^^^^^^^^^^^^^^^^^^^^^^^^^^^^^^^^^^^^^^^^^^^^^^
E   KeyError: 'x-amz-server-side-encryption-customer-algorithm'</failure></testcase><testcase classname="s3tests.functional.test_s3" name="test_copy_enc[sse-c-sse-c-STANDARD-STANDARD-1048576]" time="0.055"><failure message="KeyError: 'x-amz-server-side-encryption-customer-algorithm'">s3tests/functional/test_s3.py:20143: in test_copy_enc
    _test_copy_enc(obj_size, source_mode_key, dest_mode_key, source_storage_class, dest_storage_class)
s3tests/functional/test_s3.py:19897: in _test_copy_enc
    assert dest_args.get('assert', lambda r: True)(response)
           ^^^^^^^^^^^^^^^^^^^^^^^^^^^^^^^^^^^^^^^^^^^^^^^^^
s3tests/functional/test_s3.py:19859: in &lt;lambda&gt;
    r['ResponseMetadata']['HTTPHeaders']['x-amz-server-side-encryption-customer-algorithm'] == 'AES256' and
    ^^^^^^^^^^^^^^^^^^^^^^^^^^^^^^^^^^^^^^^^^^^^^^^^^^^^^^^^^^^^^^^^^^^^^^^^^^^^^^^^^^^^^^^
E   KeyError: 'x-amz-server-side-encryption-customer-algorithm'</failure></testcase><testcase classname="s3tests.functional.test_s3" name="test_copy_enc[sse-c-sse-c-STANDARD-STANDARD-8388608]" time="0.136"><failure message="KeyError: 'x-amz-server-side-encryption-customer-algorithm'">s3tests/functional/test_s3.py:20143: in test_copy_enc
    _test_copy_enc(obj_size, source_mode_key, dest_mode_key, source_storage_class, dest_storage_class)
s3tests/functional/test_s3.py:19897: in _test_copy_enc
    assert dest_args.get('assert', lambda r: True)(response)
           ^^^^^^^^^^^^^^^^^^^^^^^^^^^^^^^^^^^^^^^^^^^^^^^^^
s3tests/functional/test_s3.py:19859: in &lt;lambda&gt;
    r['ResponseMetadata']['HTTPHeaders']['x-amz-server-side-encryption-customer-algorithm'] == 'AES256' and
    ^^^^^^^^^^^^^^^^^^^^^^^^^^^^^^^^^^^^^^^^^^^^^^^^^^^^^^^^^^^^^^^^^^^^^^^^^^^^^^^^^^^^^^^
E   KeyError: 'x-amz-server-side-encryption-customer-algorithm'</failure></testcase><testcase classname="s3tests.functional.test_s3" name="test_copy_enc[sse-c-sse-kms-STANDARD-STANDARD-1]" time="0.049"><failure message="KeyError: 'x-amz-server-side-encryption'">s3tests/functional/test_s3.py:20143: in test_copy_enc
    _test_copy_enc(obj_size, source_mode_key, dest_mode_key, source_storage_class, dest_storage_class)
s3tests/functional/test_s3.py:19897: in _test_copy_enc
    assert dest_args.get('assert', lambda r: True)(response)
           ^^^^^^^^^^^^^^^^^^^^^^^^^^^^^^^^^^^^^^^^^^^^^^^^^
s3tests/functional/test_s3.py:19869: in &lt;lambda&gt;
    r['ResponseMetadata']['HTTPHeaders']['x-amz-server-side-encryption'] == 'aws:kms' and
    ^^^^^^^^^^^^^^^^^^^^^^^^^^^^^^^^^^^^^^^^^^^^^^^^^^^^^^^^^^^^^^^^^^^^
E   KeyError: 'x-amz-server-side-encryption'</failure></testcase><testcase classname="s3tests.functional.test_s3" name="test_copy_enc[sse-c-sse-kms-STANDARD-STANDARD-1024]" time="0.077"><failure message="KeyError: 'x-amz-server-side-encryption'">s3tests/functional/test_s3.py:20143: in test_copy_enc
    _test_copy_enc(obj_size, source_mode_key, dest_mode_key, source_storage_class, dest_storage_class)
s3tests/functional/test_s3.py:19897: in _test_copy_enc
    assert dest_args.get('assert', lambda r: True)(response)
           ^^^^^^^^^^^^^^^^^^^^^^^^^^^^^^^^^^^^^^^^^^^^^^^^^
s3tests/functional/test_s3.py:19869: in &lt;lambda&gt;
    r['ResponseMetadata']['HTTPHeaders']['x-amz-server-side-encryption'] == 'aws:kms' and
    ^^^^^^^^^^^^^^^^^^^^^^^^^^^^^^^^^^^^^^^^^^^^^^^^^^^^^^^^^^^^^^^^^^^^
E   KeyError: 'x-amz-server-side-encryption'</failure></testcase><testcase classname="s3tests.functional.test_s3" name="test_copy_enc[sse-c-sse-kms-STANDARD-STANDARD-1048576]" time="0.054"><failure message="KeyError: 'x-amz-server-side-encryption'">s3tests/functional/test_s3.py:20143: in test_copy_enc
    _test_copy_enc(obj_size, source_mode_key, dest_mode_key, source_storage_class, dest_storage_class)
s3tests/functional/test_s3.py:19897: in _test_copy_enc
    assert dest_args.get('assert', lambda r: True)(response)
           ^^^^^^^^^^^^^^^^^^^^^^^^^^^^^^^^^^^^^^^^^^^^^^^^^
s3tests/functional/test_s3.py:19869: in &lt;lambda&gt;
    r['ResponseMetadata']['HTTPHeaders']['x-amz-server-side-encryption'] == 'aws:kms' and
    ^^^^^^^^^^^^^^^^^^^^^^^^^^^^^^^^^^^^^^^^^^^^^^^^^^^^^^^^^^^^^^^^^^^^
E   KeyError: 'x-amz-server-side-encryption'</failure></testcase><testcase classname="s3tests.functional.test_s3" name="test_copy_enc[sse-c-sse-kms-STANDARD-STANDARD-8388608]" time="0.121"><failure message="KeyError: 'x-amz-server-side-encryption'">s3tests/functional/test_s3.py:20143: in test_copy_enc
    _test_copy_enc(obj_size, source_mode_key, dest_mode_key, source_storage_class, dest_storage_class)
s3tests/functional/test_s3.py:19897: in _test_copy_enc
    assert dest_args.get('assert', lambda r: True)(response)
           ^^^^^^^^^^^^^^^^^^^^^^^^^^^^^^^^^^^^^^^^^^^^^^^^^
s3tests/functional/test_s3.py:19869: in &lt;lambda&gt;
    r['ResponseMetadata']['HTTPHeaders']['x-amz-server-side-encryption'] == 'aws:kms' and
    ^^^^^^^^^^^^^^^^^^^^^^^^^^^^^^^^^^^^^^^^^^^^^^^^^^^^^^^^^^^^^^^^^^^^
E   KeyError: 'x-amz-server-side-encryption'</failure></testcase><testcase classname="s3tests.functional.test_s3" name="test_copy_enc[sse-kms-unencrypted-STANDARD-STANDARD-1]" time="0.117" /><testcase classname="s3tests.functional.test_s3" name="test_copy_enc[sse-kms-unencrypted-STANDARD-STANDARD-1024]" time="0.096" /><testcase classname="s3tests.functional.test_s3" name="test_copy_enc[sse-kms-unencrypted-STANDARD-STANDARD-1048576]" time="0.067" /><testcase classname="s3tests.functional.test_s3" name="test_copy_enc[sse-kms-unencrypted-STANDARD-STANDARD-8388608]" time="0.179" /><testcase classname="s3tests.functional.test_s3" name="test_copy_enc[sse-kms-sse-s3-STANDARD-STANDARD-1]" time="0.078"><failure message="KeyError: 'x-amz-server-side-encryption'">s3tests/functional/test_s3.py:20143: in test_copy_enc
    _test_copy_enc(obj_size, source_mode_key, dest_mode_key, source_storage_class, dest_storage_class)
s3tests/functional/test_s3.py:19897: in _test_copy_enc
    assert dest_args.get('assert', lambda r: True)(response)
           ^^^^^^^^^^^^^^^^^^^^^^^^^^^^^^^^^^^^^^^^^^^^^^^^^
s3tests/functional/test_s3.py:19844: in &lt;lambda&gt;
    'assert': lambda r: r['ResponseMetadata']['HTTPHeaders']['x-amz-server-side-encryption'] == 'AES256',
                        ^^^^^^^^^^^^^^^^^^^^^^^^^^^^^^^^^^^^^^^^^^^^^^^^^^^^^^^^^^^^^^^^^^^^
E   KeyError: 'x-amz-server-side-encryption'</failure></testcase><testcase classname="s3tests.functional.test_s3" name="test_copy_enc[sse-kms-sse-s3-STANDARD-STANDARD-1024]" time="0.051"><failure message="KeyError: 'x-amz-server-side-encryption'">s3tests/functional/test_s3.py:20143: in test_copy_enc
    _test_copy_enc(obj_size, source_mode_key, dest_mode_key, source_storage_class, dest_storage_class)
s3tests/functional/test_s3.py:19897: in _test_copy_enc
    assert dest_args.get('assert', lambda r: True)(response)
           ^^^^^^^^^^^^^^^^^^^^^^^^^^^^^^^^^^^^^^^^^^^^^^^^^
s3tests/functional/test_s3.py:19844: in &lt;lambda&gt;
    'assert': lambda r: r['ResponseMetadata']['HTTPHeaders']['x-amz-server-side-encryption'] == 'AES256',
                        ^^^^^^^^^^^^^^^^^^^^^^^^^^^^^^^^^^^^^^^^^^^^^^^^^^^^^^^^^^^^^^^^^^^^
E   KeyError: 'x-amz-server-side-encryption'</failure></testcase><testcase classname="s3tests.functional.test_s3" name="test_copy_enc[sse-kms-sse-s3-STANDARD-STANDARD-1048576]" time="0.060"><failure message="KeyError: 'x-amz-server-side-encryption'">s3tests/functional/test_s3.py:20143: in test_copy_enc
    _test_copy_enc(obj_size, source_mode_key, dest_mode_key, source_storage_class, dest_storage_class)
s3tests/functional/test_s3.py:19897: in _test_copy_enc
    assert dest_args.get('assert', lambda r: True)(response)
           ^^^^^^^^^^^^^^^^^^^^^^^^^^^^^^^^^^^^^^^^^^^^^^^^^
s3tests/functional/test_s3.py:19844: in &lt;lambda&gt;
    'assert': lambda r: r['ResponseMetadata']['HTTPHeaders']['x-amz-server-side-encryption'] == 'AES256',
                        ^^^^^^^^^^^^^^^^^^^^^^^^^^^^^^^^^^^^^^^^^^^^^^^^^^^^^^^^^^^^^^^^^^^^
E   KeyError: 'x-amz-server-side-encryption'</failure></testcase><testcase classname="s3tests.functional.test_s3" name="test_copy_enc[sse-kms-sse-s3-STANDARD-STANDARD-8388608]" time="0.130"><failure message="KeyError: 'x-amz-server-side-encryption'">s3tests/functional/test_s3.py:20143: in test_copy_enc
    _test_copy_enc(obj_size, source_mode_key, dest_mode_key, source_storage_class, dest_storage_class)
s3tests/functional/test_s3.py:19897: in _test_copy_enc
    assert dest_args.get('assert', lambda r: True)(response)
           ^^^^^^^^^^^^^^^^^^^^^^^^^^^^^^^^^^^^^^^^^^^^^^^^^
s3tests/functional/test_s3.py:19844: in &lt;lambda&gt;
    'assert': lambda r: r['ResponseMetadata']['HTTPHeaders']['x-amz-server-side-encryption'] == 'AES256',
                        ^^^^^^^^^^^^^^^^^^^^^^^^^^^^^^^^^^^^^^^^^^^^^^^^^^^^^^^^^^^^^^^^^^^^
E   KeyError: 'x-amz-server-side-encryption'</failure></testcase><testcase classname="s3tests.functional.test_s3" name="test_copy_enc[sse-kms-sse-c-STANDARD-STANDARD-1]" time="0.078"><failure message="KeyError: 'x-amz-server-side-encryption-customer-algorithm'">s3tests/functional/test_s3.py:20143: in test_copy_enc
    _test_copy_enc(obj_size, source_mode_key, dest_mode_key, source_storage_class, dest_storage_class)
s3tests/functional/test_s3.py:19897: in _test_copy_enc
    assert dest_args.get('assert', lambda r: True)(response)
           ^^^^^^^^^^^^^^^^^^^^^^^^^^^^^^^^^^^^^^^^^^^^^^^^^
s3tests/functional/test_s3.py:19859: in &lt;lambda&gt;
    r['ResponseMetadata']['HTTPHeaders']['x-amz-server-side-encryption-customer-algorithm'] == 'AES256' and
    ^^^^^^^^^^^^^^^^^^^^^^^^^^^^^^^^^^^^^^^^^^^^^^^^^^^^^^^^^^^^^^^^^^^^^^^^^^^^^^^^^^^^^^^
E   KeyError: 'x-amz-server-side-encryption-customer-algorithm'</failure></testcase><testcase classname="s3tests.functional.test_s3" name="test_copy_enc[sse-kms-sse-c-STANDARD-STANDARD-1024]" time="0.049"><failure message="KeyError: 'x-amz-server-side-encryption-customer-algorithm'">s3tests/functional/test_s3.py:20143: in test_copy_enc
    _test_copy_enc(obj_size, source_mode_key, dest_mode_key, source_storage_class, dest_storage_class)
s3tests/functional/test_s3.py:19897: in _test_copy_enc
    assert dest_args.get('assert', lambda r: True)(response)
           ^^^^^^^^^^^^^^^^^^^^^^^^^^^^^^^^^^^^^^^^^^^^^^^^^
s3tests/functional/test_s3.py:19859: in &lt;lambda&gt;
    r['ResponseMetadata']['HTTPHeaders']['x-amz-server-side-encryption-customer-algorithm'] == 'AES256' and
    ^^^^^^^^^^^^^^^^^^^^^^^^^^^^^^^^^^^^^^^^^^^^^^^^^^^^^^^^^^^^^^^^^^^^^^^^^^^^^^^^^^^^^^^
E   KeyError: 'x-amz-server-side-encryption-customer-algorithm'</failure></testcase><testcase classname="s3tests.functional.test_s3" name="test_copy_enc[sse-kms-sse-c-STANDARD-STANDARD-1048576]" time="0.062"><failure message="KeyError: 'x-amz-server-side-encryption-customer-algorithm'">s3tests/functional/test_s3.py:20143: in test_copy_enc
    _test_copy_enc(obj_size, source_mode_key, dest_mode_key, source_storage_class, dest_storage_class)
s3tests/functional/test_s3.py:19897: in _test_copy_enc
    assert dest_args.get('assert', lambda r: True)(response)
           ^^^^^^^^^^^^^^^^^^^^^^^^^^^^^^^^^^^^^^^^^^^^^^^^^
s3tests/functional/test_s3.py:19859: in &lt;lambda&gt;
    r['ResponseMetadata']['HTTPHeaders']['x-amz-server-side-encryption-customer-algorithm'] == 'AES256' and
    ^^^^^^^^^^^^^^^^^^^^^^^^^^^^^^^^^^^^^^^^^^^^^^^^^^^^^^^^^^^^^^^^^^^^^^^^^^^^^^^^^^^^^^^
E   KeyError: 'x-amz-server-side-encryption-customer-algorithm'</failure></testcase><testcase classname="s3tests.functional.test_s3" name="test_copy_enc[sse-kms-sse-c-STANDARD-STANDARD-8388608]" time="0.158"><failure message="KeyError: 'x-amz-server-side-encryption-customer-algorithm'">s3tests/functional/test_s3.py:20143: in test_copy_enc
    _test_copy_enc(obj_size, source_mode_key, dest_mode_key, source_storage_class, dest_storage_class)
s3tests/functional/test_s3.py:19897: in _test_copy_enc
    assert dest_args.get('assert', lambda r: True)(response)
           ^^^^^^^^^^^^^^^^^^^^^^^^^^^^^^^^^^^^^^^^^^^^^^^^^
s3tests/functional/test_s3.py:19859: in &lt;lambda&gt;
    r['ResponseMetadata']['HTTPHeaders']['x-amz-server-side-encryption-customer-algorithm'] == 'AES256' and
    ^^^^^^^^^^^^^^^^^^^^^^^^^^^^^^^^^^^^^^^^^^^^^^^^^^^^^^^^^^^^^^^^^^^^^^^^^^^^^^^^^^^^^^^
E   KeyError: 'x-amz-server-side-encryption-customer-algorithm'</failure></testcase><testcase classname="s3tests.functional.test_s3" name="test_copy_enc[sse-kms-sse-kms-STANDARD-STANDARD-1]" time="0.051"><failure message="KeyError: 'x-amz-server-side-encryption'">s3tests/functional/test_s3.py:20143: in test_copy_enc
    _test_copy_enc(obj_size, source_mode_key, dest_mode_key, source_storage_class, dest_storage_class)
s3tests/functional/test_s3.py:19897: in _test_copy_enc
    assert dest_args.get('assert', lambda r: True)(response)
           ^^^^^^^^^^^^^^^^^^^^^^^^^^^^^^^^^^^^^^^^^^^^^^^^^
s3tests/functional/test_s3.py:19869: in &lt;lambda&gt;
    r['ResponseMetadata']['HTTPHeaders']['x-amz-server-side-encryption'] == 'aws:kms' and
    ^^^^^^^^^^^^^^^^^^^^^^^^^^^^^^^^^^^^^^^^^^^^^^^^^^^^^^^^^^^^^^^^^^^^
E   KeyError: 'x-amz-server-side-encryption'</failure></testcase><testcase classname="s3tests.functional.test_s3" name="test_copy_enc[sse-kms-sse-kms-STANDARD-STANDARD-1024]" time="0.048"><failure message="KeyError: 'x-amz-server-side-encryption'">s3tests/functional/test_s3.py:20143: in test_copy_enc
    _test_copy_enc(obj_size, source_mode_key, dest_mode_key, source_storage_class, dest_storage_class)
s3tests/functional/test_s3.py:19897: in _test_copy_enc
    assert dest_args.get('assert', lambda r: True)(response)
           ^^^^^^^^^^^^^^^^^^^^^^^^^^^^^^^^^^^^^^^^^^^^^^^^^
s3tests/functional/test_s3.py:19869: in &lt;lambda&gt;
    r['ResponseMetadata']['HTTPHeaders']['x-amz-server-side-encryption'] == 'aws:kms' and
    ^^^^^^^^^^^^^^^^^^^^^^^^^^^^^^^^^^^^^^^^^^^^^^^^^^^^^^^^^^^^^^^^^^^^
E   KeyError: 'x-amz-server-side-encryption'</failure></testcase><testcase classname="s3tests.functional.test_s3" name="test_copy_enc[sse-kms-sse-kms-STANDARD-STANDARD-1048576]" time="0.064"><failure message="KeyError: 'x-amz-server-side-encryption'">s3tests/functional/test_s3.py:20143: in test_copy_enc
    _test_copy_enc(obj_size, source_mode_key, dest_mode_key, source_storage_class, dest_storage_class)
s3tests/functional/test_s3.py:19897: in _test_copy_enc
    assert dest_args.get('assert', lambda r: True)(response)
           ^^^^^^^^^^^^^^^^^^^^^^^^^^^^^^^^^^^^^^^^^^^^^^^^^
s3tests/functional/test_s3.py:19869: in &lt;lambda&gt;
    r['ResponseMetadata']['HTTPHeaders']['x-amz-server-side-encryption'] == 'aws:kms' and
    ^^^^^^^^^^^^^^^^^^^^^^^^^^^^^^^^^^^^^^^^^^^^^^^^^^^^^^^^^^^^^^^^^^^^
E   KeyError: 'x-amz-server-side-encryption'</failure></testcase><testcase classname="s3tests.functional.test_s3" name="test_copy_enc[sse-kms-sse-kms-STANDARD-STANDARD-8388608]" time="0.153"><failure message="KeyError: 'x-amz-server-side-encryption'">s3tests/functional/test_s3.py:20143: in test_copy_enc
    _test_copy_enc(obj_size, source_mode_key, dest_mode_key, source_storage_class, dest_storage_class)
s3tests/functional/test_s3.py:19897: in _test_copy_enc
    assert dest_args.get('assert', lambda r: True)(response)
           ^^^^^^^^^^^^^^^^^^^^^^^^^^^^^^^^^^^^^^^^^^^^^^^^^
s3tests/functional/test_s3.py:19869: in &lt;lambda&gt;
    r['ResponseMetadata']['HTTPHeaders']['x-amz-server-side-encryption'] == 'aws:kms' and
    ^^^^^^^^^^^^^^^^^^^^^^^^^^^^^^^^^^^^^^^^^^^^^^^^^^^^^^^^^^^^^^^^^^^^
E   KeyError: 'x-amz-server-side-encryption'</failure></testcase><testcase classname="s3tests.functional.test_s3" name="test_lifecycle_transition_encrypted[NOTSET]" time="0.002"><skipped type="pytest.skip" message="got empty parameter set for (source_mode_key, source_storage_class, dest_storage_class)">/s3-tests/s3tests/functional/test_s3.py:20201: got empty parameter set for (source_mode_key, source_storage_class, dest_storage_class)</skipped></testcase></testsuite></testsuites>