<?xml version="1.0" encoding="utf-8"?><testsuites name="pytest tests"><testsuite name="pytest" errors="0" failures="1" skipped="0" tests="1" time="1.014" timestamp="2026-03-07T14:06:52.551297+00:00" hostname="8a65a2767c95"><testcase classname="s3tests.functional.test_s3" name="test_object_copy_to_itself_with_metadata" time="0.086"><failure message="AssertionError: assert {} == {'foo': 'bar'}&#10;  &#10;  Right contains 1 more item:&#10;  {'foo': 'bar'}&#10;  &#10;  Full diff:&#10;  + {}&#10;  - {&#10;  -     'foo': 'bar',&#10;  - }">@pytest.mark.copy
    @pytest.mark.fails_on_dbstore
    def test_object_copy_to_itself_with_metadata():
        bucket_name = get_new_bucket()
        client = get_client()
        client.put_object(Bucket=bucket_name, Key='foo123bar', Body='foo')
        copy_source = {'Bucket': bucket_name, 'Key': 'foo123bar'}
        metadata = {'foo': 'bar'}
    
        client.copy_object(Bucket=bucket_name, CopySource=copy_source, Key='foo123bar', Metadata=metadata, MetadataDirective='REPLACE')
        response = client.get_object(Bucket=bucket_name, Key='foo123bar')
&gt;       assert response['Metadata'] == metadata
E       AssertionError: assert {} == {'foo': 'bar'}
E         
E         Right contains 1 more item:
E         {'foo': 'bar'}
E         
E         Full diff:
E         + {}
E         - {
E         -     'foo': 'bar',
E         - }

s3tests/functional/test_s3.py:5594: AssertionError</failure></testcase></testsuite></testsuites>