<?xml version="1.0" encoding="utf-8"?><testsuites name="pytest tests"><testsuite name="pytest" errors="0" failures="92" skipped="74" tests="265" time="83.521" timestamp="2026-03-05T16:52:12.388614+00:00" hostname="5255ba540e8b"><testcase classname="s3tests.functional.test_s3" name="test_bucket_list_empty" time="0.118" /><testcase classname="s3tests.functional.test_s3" name="test_bucket_list_distinct" time="0.060" /><testcase classname="s3tests.functional.test_s3" name="test_bucket_list_many" time="0.053" /><testcase classname="s3tests.functional.test_s3" name="test_bucket_listv2_many" time="0.047" /><testcase classname="s3tests.functional.test_s3" name="test_bucket_list_delimiter_basic" time="0.068" /><testcase classname="s3tests.functional.test_s3" name="test_bucket_listv2_delimiter_basic" time="0.049" /><testcase classname="s3tests.functional.test_s3" name="test_bucket_listv2_encoding_basic" time="0.055"><failure message="AssertionError: assert ['asdf+b'] == ['asdf%2Bb']&#10;  &#10;  At index 0 diff: 'asdf+b' != 'asdf%2Bb'&#10;  Use -v to get more diff">E   AssertionError: assert ['asdf+b'] == ['asdf%2Bb']
      
      At index 0 diff: 'asdf+b' != 'asdf%2Bb'
      Use -v to get more diff</failure></testcase><testcase classname="s3tests.functional.test_s3" name="test_bucket_list_encoding_basic" time="0.050"><failure message="AssertionError: assert ['asdf+b'] == ['asdf%2Bb']&#10;  &#10;  At index 0 diff: 'asdf+b' != 'asdf%2Bb'&#10;  Use -v to get more diff">E   AssertionError: assert ['asdf+b'] == ['asdf%2Bb']
      
      At index 0 diff: 'asdf+b' != 'asdf%2Bb'
      Use -v to get more diff</failure></testcase><testcase classname="s3tests.functional.test_s3" name="test_bucket_list_delimiter_prefix" time="0.077"><failure message="AssertionError: assert 'boo/bar' == 'boo/'&#10;  &#10;  - boo/&#10;  + boo/bar">E   AssertionError: assert 'boo/bar' == 'boo/'
      
      - boo/
      + boo/bar</failure></testcase><testcase classname="s3tests.functional.test_s3" name="test_bucket_listv2_delimiter_prefix" time="0.056"><failure message="assert True == False">E   assert True == False</failure></testcase><testcase classname="s3tests.functional.test_s3" name="test_bucket_listv2_delimiter_prefix_ends_with_delimiter" time="0.036"><failure message="AssertionError: assert 0 == 1&#10; +  where 0 = len([])&#10; +  and   1 = len(['asdf/'])">E   AssertionError: assert 0 == 1
     +  where 0 = len([])
     +  and   1 = len(['asdf/'])</failure></testcase><testcase classname="s3tests.functional.test_s3" name="test_bucket_list_delimiter_prefix_ends_with_delimiter" time="0.054"><failure message="AssertionError: assert 0 == 1&#10; +  where 0 = len([])&#10; +  and   1 = len(['asdf/'])">E   AssertionError: assert 0 == 1
     +  where 0 = len([])
     +  and   1 = len(['asdf/'])</failure></testcase><testcase classname="s3tests.functional.test_s3" name="test_bucket_list_delimiter_alt" time="0.050" /><testcase classname="s3tests.functional.test_s3" name="test_bucket_listv2_delimiter_alt" time="0.051" /><testcase classname="s3tests.functional.test_s3" name="test_bucket_list_delimiter_prefix_underscore" time="0.058"><failure message="AssertionError: assert '_under1/bar' == '_under1/'&#10;  &#10;  - _under1/&#10;  + _under1/bar&#10;  ?         +++">E   AssertionError: assert '_under1/bar' == '_under1/'
      
      - _under1/
      + _under1/bar
      ?         +++</failure></testcase><testcase classname="s3tests.functional.test_s3" name="test_bucket_listv2_delimiter_prefix_underscore" time="0.074"><failure message="assert True == False">E   assert True == False</failure></testcase><testcase classname="s3tests.functional.test_s3" name="test_bucket_list_delimiter_percentage" time="0.047" /><testcase classname="s3tests.functional.test_s3" name="test_bucket_listv2_delimiter_percentage" time="0.051" /><testcase classname="s3tests.functional.test_s3" name="test_bucket_list_delimiter_whitespace" time="0.070" /><testcase classname="s3tests.functional.test_s3" name="test_bucket_listv2_delimiter_whitespace" time="0.047" /><testcase classname="s3tests.functional.test_s3" name="test_bucket_list_delimiter_dot" time="0.047" /><testcase classname="s3tests.functional.test_s3" name="test_bucket_listv2_delimiter_dot" time="0.053" /><testcase classname="s3tests.functional.test_s3" name="test_bucket_list_delimiter_unreadable" time="0.066" /><testcase classname="s3tests.functional.test_s3" name="test_bucket_listv2_delimiter_unreadable" time="0.052" /><testcase classname="s3tests.functional.test_s3" name="test_bucket_list_delimiter_empty" time="0.052"><failure message="assert not 'Delimiter' in {'Contents': [{'ETag': '&quot;37b51d194a7513e45b56f6524f2d51f2&quot;', 'Key': 'bar', 'LastModified': datetime.datetime(2026, 3, ..., 5, 16, 52, 14, 791000, tzinfo=tzlocal()), 'Size': 3, ...}], 'Delimiter': '', 'IsTruncated': False, 'Marker': '', ...}">E   assert not 'Delimiter' in {'Contents': [{'ETag': '"37b51d194a7513e45b56f6524f2d51f2"', 'Key': 'bar', 'LastModified': datetime.datetime(2026, 3, ..., 5, 16, 52, 14, 791000, tzinfo=tzlocal()), 'Size': 3, ...}], 'Delimiter': '', 'IsTruncated': False, 'Marker': '', ...}</failure></testcase><testcase classname="s3tests.functional.test_s3" name="test_bucket_listv2_delimiter_empty" time="0.049" /><testcase classname="s3tests.functional.test_s3" name="test_bucket_list_delimiter_none" time="0.067" /><testcase classname="s3tests.functional.test_s3" name="test_bucket_listv2_delimiter_none" time="0.051" /><testcase classname="s3tests.functional.test_s3" name="test_bucket_listv2_fetchowner_notempty" time="0.046"><failure message="assert 'Owner' in {'ETag': '&quot;82d0f0fa8551de8b7eb5ecb65eae0261&quot;', 'Key': 'foo/bar', 'LastModified': datetime.datetime(2026, 3, 5, 16, 52, 15, tzinfo=tzlocal()), 'Size': 7, ...}">E   assert 'Owner' in {'ETag': '"82d0f0fa8551de8b7eb5ecb65eae0261"', 'Key': 'foo/bar', 'LastModified': datetime.datetime(2026, 3, 5, 16, 52, 15, tzinfo=tzlocal()), 'Size': 7, ...}</failure></testcase><testcase classname="s3tests.functional.test_s3" name="test_bucket_listv2_fetchowner_defaultempty" time="0.071" /><testcase classname="s3tests.functional.test_s3" name="test_bucket_listv2_fetchowner_empty" time="0.049" /><testcase classname="s3tests.functional.test_s3" name="test_bucket_list_delimiter_not_exist" time="0.052" /><testcase classname="s3tests.functional.test_s3" name="test_bucket_listv2_delimiter_not_exist" time="0.051" /><testcase classname="s3tests.functional.test_s3" name="test_bucket_list_delimiter_not_skip_special" time="3.311"><failure message="AssertionError: assert ['0'] == ['1999', '199...999+', '2000']&#10;  &#10;  At index 0 diff: '0' != '1999'&#10;  Right contains 3 more items, first extra item: '1999#'&#10;  Use -v to get more diff">E   AssertionError: assert ['0'] == ['1999', '199...999+', '2000']
      
      At index 0 diff: '0' != '1999'
      Right contains 3 more items, first extra item: '1999#'
      Use -v to get more diff</failure></testcase><testcase classname="s3tests.functional.test_s3" name="test_bucket_list_prefix_basic" time="0.056" /><testcase classname="s3tests.functional.test_s3" name="test_bucket_listv2_prefix_basic" time="0.037" /><testcase classname="s3tests.functional.test_s3" name="test_bucket_list_prefix_alt" time="0.038" /><testcase classname="s3tests.functional.test_s3" name="test_bucket_listv2_prefix_alt" time="0.038" /><testcase classname="s3tests.functional.test_s3" name="test_bucket_list_prefix_empty" time="0.061" /><testcase classname="s3tests.functional.test_s3" name="test_bucket_listv2_prefix_empty" time="0.044" /><testcase classname="s3tests.functional.test_s3" name="test_bucket_list_prefix_none" time="0.041" /><testcase classname="s3tests.functional.test_s3" name="test_bucket_listv2_prefix_none" time="0.043" /><testcase classname="s3tests.functional.test_s3" name="test_bucket_list_prefix_not_exist" time="0.057" /><testcase classname="s3tests.functional.test_s3" name="test_bucket_listv2_prefix_not_exist" time="0.042" /><testcase classname="s3tests.functional.test_s3" name="test_bucket_list_prefix_unreadable" time="0.042" /><testcase classname="s3tests.functional.test_s3" name="test_bucket_listv2_prefix_unreadable" time="0.060" /><testcase classname="s3tests.functional.test_s3" name="test_bucket_list_prefix_delimiter_basic" time="0.049" /><testcase classname="s3tests.functional.test_s3" name="test_bucket_listv2_prefix_delimiter_basic" time="0.049" /><testcase classname="s3tests.functional.test_s3" name="test_bucket_list_prefix_delimiter_alt" time="0.043" /><testcase classname="s3tests.functional.test_s3" name="test_bucket_listv2_prefix_delimiter_alt" time="0.063" /><testcase classname="s3tests.functional.test_s3" name="test_bucket_list_prefix_delimiter_prefix_not_exist" time="0.045" /><testcase classname="s3tests.functional.test_s3" name="test_bucket_listv2_prefix_delimiter_prefix_not_exist" time="0.048" /><testcase classname="s3tests.functional.test_s3" name="test_bucket_list_prefix_delimiter_delimiter_not_exist" time="0.047" /><testcase classname="s3tests.functional.test_s3" name="test_bucket_listv2_prefix_delimiter_delimiter_not_exist" time="0.066" /><testcase classname="s3tests.functional.test_s3" name="test_bucket_list_prefix_delimiter_prefix_delimiter_not_exist" time="0.045" /><testcase classname="s3tests.functional.test_s3" name="test_bucket_listv2_prefix_delimiter_prefix_delimiter_not_exist" time="0.048" /><testcase classname="s3tests.functional.test_s3" name="test_bucket_list_maxkeys_one" time="0.062" /><testcase classname="s3tests.functional.test_s3" name="test_bucket_listv2_maxkeys_one" time="0.052" /><testcase classname="s3tests.functional.test_s3" name="test_bucket_list_maxkeys_zero" time="0.048"><failure message="assert True == False">E   assert True == False</failure></testcase><testcase classname="s3tests.functional.test_s3" name="test_bucket_listv2_maxkeys_zero" time="0.048"><failure message="assert True == False">E   assert True == False</failure></testcase><testcase classname="s3tests.functional.test_s3" name="test_bucket_list_maxkeys_none" time="0.065" /><testcase classname="s3tests.functional.test_s3" name="test_bucket_listv2_maxkeys_none" time="0.047" /><testcase classname="s3tests.functional.test_s3" name="test_bucket_list_unordered" time="0.125"><failure message="AssertionError: ClientError not raised">E   AssertionError: ClientError not raised</failure></testcase><testcase classname="s3tests.functional.test_s3" name="test_bucket_listv2_unordered" time="0.140"><failure message="AssertionError: ClientError not raised">E   AssertionError: ClientError not raised</failure></testcase><testcase classname="s3tests.functional.test_s3" name="test_bucket_list_maxkeys_invalid" time="0.044" /><testcase classname="s3tests.functional.test_s3" name="test_bucket_list_marker_none" time="0.046" /><testcase classname="s3tests.functional.test_s3" name="test_bucket_list_marker_empty" time="0.064" /><testcase classname="s3tests.functional.test_s3" name="test_bucket_listv2_continuationtoken_empty" time="0.045" /><testcase classname="s3tests.functional.test_s3" name="test_bucket_listv2_continuationtoken" time="0.047" /><testcase classname="s3tests.functional.test_s3" name="test_bucket_listv2_both_continuationtoken_startafter" time="0.051" /><testcase classname="s3tests.functional.test_s3" name="test_bucket_list_marker_unreadable" time="0.062" /><testcase classname="s3tests.functional.test_s3" name="test_bucket_listv2_startafter_unreadable" time="0.047" /><testcase classname="s3tests.functional.test_s3" name="test_bucket_list_marker_not_in_list" time="0.047" /><testcase classname="s3tests.functional.test_s3" name="test_bucket_listv2_startafter_not_in_list" time="0.046" /><testcase classname="s3tests.functional.test_s3" name="test_bucket_list_marker_after_list" time="0.069" /><testcase classname="s3tests.functional.test_s3" name="test_bucket_listv2_startafter_after_list" time="0.050" /><testcase classname="s3tests.functional.test_s3" name="test_bucket_list_return_data" time="6.901"><failure message="botocore.exceptions.ClientError: An error occurred (500) when calling the GetObjectAcl operation (reached max retries: 4): Internal Server Error">E   botocore.exceptions.ClientError: An error occurred (500) when calling the GetObjectAcl operation (reached max retries: 4): Internal Server Error</failure></testcase><testcase classname="s3tests.functional.test_s3" name="test_bucket_list_return_data_versioning" time="5.164"><failure message="AssertionError: assert 'Enabled' == None">E   AssertionError: assert 'Enabled' == None</failure></testcase><testcase classname="s3tests.functional.test_s3" name="test_bucket_list_objects_anonymous" time="0.039"><failure message="botocore.errorfactory.AccessDenied: An error occurred (AccessDenied) when calling the ListObjects operation: Access Denied">E   botocore.errorfactory.AccessDenied: An error occurred (AccessDenied) when calling the ListObjects operation: Access Denied</failure></testcase><testcase classname="s3tests.functional.test_s3" name="test_bucket_listv2_objects_anonymous" time="0.036"><failure message="botocore.errorfactory.AccessDenied: An error occurred (AccessDenied) when calling the ListObjectsV2 operation: Access Denied">E   botocore.errorfactory.AccessDenied: An error occurred (AccessDenied) when calling the ListObjectsV2 operation: Access Denied</failure></testcase><testcase classname="s3tests.functional.test_s3" name="test_bucket_list_objects_anonymous_fail" time="0.032" /><testcase classname="s3tests.functional.test_s3" name="test_bucket_listv2_objects_anonymous_fail" time="0.052" /><testcase classname="s3tests.functional.test_s3" name="test_bucket_notexist" time="0.023" /><testcase classname="s3tests.functional.test_s3" name="test_bucketv2_notexist" time="0.023" /><testcase classname="s3tests.functional.test_s3" name="test_bucket_delete_notexist" time="0.022" /><testcase classname="s3tests.functional.test_s3" name="test_bucket_delete_nonempty" time="0.038" /><testcase classname="s3tests.functional.test_s3" name="test_bucket_concurrent_set_canned_acl" time="0.075" /><testcase classname="s3tests.functional.test_s3" name="test_bucket_create_delete" time="0.029" /><testcase classname="s3tests.functional.test_s3" name="test_bucket_head" time="0.028" /><testcase classname="s3tests.functional.test_s3" name="test_bucket_head_notexist" time="0.022" /><testcase classname="s3tests.functional.test_s3" name="test_bucket_head_extended" time="0.045"><failure message="KeyError: 'x-rgw-object-count'">E   KeyError: 'x-rgw-object-count'</failure></testcase><testcase classname="s3tests.functional.test_s3" name="test_bucket_create_naming_bad_starts_nonalpha" time="0.022" /><testcase classname="s3tests.functional.test_s3" name="test_bucket_create_naming_bad_short_one" time="0.022" /><testcase classname="s3tests.functional.test_s3" name="test_bucket_create_naming_bad_short_two" time="0.022" /><testcase classname="s3tests.functional.test_s3" name="test_bucket_create_naming_good_long_60" time="0.043" /><testcase classname="s3tests.functional.test_s3" name="test_bucket_create_naming_good_long_61" time="0.026" /><testcase classname="s3tests.functional.test_s3" name="test_bucket_create_naming_good_long_62" time="0.027" /><testcase classname="s3tests.functional.test_s3" name="test_bucket_create_naming_good_long_63" time="0.026" /><testcase classname="s3tests.functional.test_s3" name="test_bucket_list_long_name" time="0.027" /><testcase classname="s3tests.functional.test_s3" name="test_bucket_create_naming_bad_ip" time="0.041" /><testcase classname="s3tests.functional.test_s3" name="test_bucket_create_naming_dns_underscore" time="0.023" /><testcase classname="s3tests.functional.test_s3" name="test_bucket_create_naming_dns_long" time="0.027" /><testcase classname="s3tests.functional.test_s3" name="test_bucket_create_naming_dns_dash_at_end" time="0.024" /><testcase classname="s3tests.functional.test_s3" name="test_bucket_create_naming_dns_dot_dot" time="0.024" /><testcase classname="s3tests.functional.test_s3" name="test_bucket_create_naming_dns_dot_dash" time="0.043"><failure message="AssertionError: ClientError not raised">E   AssertionError: ClientError not raised</failure></testcase><testcase classname="s3tests.functional.test_s3" name="test_bucket_create_naming_dns_dash_dot" time="0.025"><failure message="AssertionError: ClientError not raised">E   AssertionError: ClientError not raised</failure></testcase><testcase classname="s3tests.functional.test_s3" name="test_bucket_create_exists" time="0.034" /><testcase classname="s3tests.functional.test_s3" name="test_bucket_get_location" time="0.024"><skipped type="pytest.skip" message="no api_name configured">/s3-tests/s3tests/functional/test_s3.py:3850: no api_name configured</skipped></testcase><testcase classname="s3tests.functional.test_s3" name="test_bucket_create_exists_nonowner" time="0.054"><failure message="AssertionError: ClientError not raised">E   AssertionError: ClientError not raised</failure></testcase><testcase classname="s3tests.functional.test_s3" name="test_bucket_recreate_overwrite_acl" time="0.027"><failure message="AssertionError: ClientError not raised">E   AssertionError: ClientError not raised</failure></testcase><testcase classname="s3tests.functional.test_s3" name="test_bucket_recreate_new_acl" time="0.027"><failure message="AssertionError: ClientError not raised">E   AssertionError: ClientError not raised</failure></testcase><testcase classname="s3tests.functional.test_s3" name="test_bucket_acl_default" time="0.029"><failure message="KeyError: 'Owner'">E   KeyError: 'Owner'</failure></testcase><testcase classname="s3tests.functional.test_s3" name="test_bucket_acl_canned_during_create" time="0.028"><failure message="KeyError: 'Grants'">E   KeyError: 'Grants'</failure></testcase><testcase classname="s3tests.functional.test_s3" name="test_bucket_acl_canned" time="0.052"><failure message="KeyError: 'Grants'">E   KeyError: 'Grants'</failure></testcase><testcase classname="s3tests.functional.test_s3" name="test_bucket_acl_canned_publicreadwrite" time="0.027"><failure message="KeyError: 'Grants'">E   KeyError: 'Grants'</failure></testcase><testcase classname="s3tests.functional.test_s3" name="test_bucket_acl_canned_authenticatedread" time="0.027"><failure message="KeyError: 'Grants'">E   KeyError: 'Grants'</failure></testcase><testcase classname="s3tests.functional.test_s3" name="test_bucket_acl_canned_private_to_private" time="0.029" /><testcase classname="s3tests.functional.test_s3" name="test_bucket_acl_grant_userid_fullcontrol" time="0.050"><failure message="KeyError: 'Grants'">E   KeyError: 'Grants'</failure></testcase><testcase classname="s3tests.functional.test_s3" name="test_bucket_acl_grant_userid_read" time="0.030"><failure message="KeyError: 'Grants'">E   KeyError: 'Grants'</failure></testcase><testcase classname="s3tests.functional.test_s3" name="test_bucket_acl_grant_userid_readacp" time="0.030"><failure message="KeyError: 'Grants'">E   KeyError: 'Grants'</failure></testcase><testcase classname="s3tests.functional.test_s3" name="test_bucket_acl_grant_userid_write" time="0.030"><failure message="KeyError: 'Grants'">E   KeyError: 'Grants'</failure></testcase><testcase classname="s3tests.functional.test_s3" name="test_bucket_acl_grant_userid_writeacp" time="0.049"><failure message="KeyError: 'Grants'">E   KeyError: 'Grants'</failure></testcase><testcase classname="s3tests.functional.test_s3" name="test_bucket_acl_grant_nonexist_user" time="0.034"><failure message="KeyError: 'Grants'">E   KeyError: 'Grants'</failure></testcase><testcase classname="s3tests.functional.test_s3" name="test_bucket_header_acl_grants" time="0.030"><failure message="KeyError: 'Grants'">E   KeyError: 'Grants'</failure></testcase><testcase classname="s3tests.functional.test_s3" name="test_bucket_acl_grant_email" time="0.035"><failure message="KeyError: 'Grants'">E   KeyError: 'Grants'</failure></testcase><testcase classname="s3tests.functional.test_s3" name="test_bucket_acl_grant_email_not_exist" time="0.050"><failure message="KeyError: 'Grants'">E   KeyError: 'Grants'</failure></testcase><testcase classname="s3tests.functional.test_s3" name="test_bucket_acl_revoke_all" time="0.033"><failure message="KeyError: 'Grants'">E   KeyError: 'Grants'</failure></testcase><testcase classname="s3tests.functional.test_s3" name="test_buckets_create_then_list" time="0.048" /><testcase classname="s3tests.functional.test_s3" name="test_buckets_list_ctime" time="0.047" /><testcase classname="s3tests.functional.test_s3" name="test_bucket_create_naming_good_starts_alpha" time="0.052" /><testcase classname="s3tests.functional.test_s3" name="test_bucket_create_naming_good_starts_digit" time="0.032" /><testcase classname="s3tests.functional.test_s3" name="test_bucket_create_naming_good_contains_period" time="0.027" /><testcase classname="s3tests.functional.test_s3" name="test_bucket_create_naming_good_contains_hyphen" time="0.029" /><testcase classname="s3tests.functional.test_s3" name="test_bucket_recreate_not_overriding" time="0.065" /><testcase classname="s3tests.functional.test_s3" name="test_bucket_create_special_key_names" time="0.630" /><testcase classname="s3tests.functional.test_s3" name="test_bucket_list_special_prefix" time="0.072" /><testcase classname="s3tests.functional.test_s3" name="test_bucket_policy" time="0.064" /><testcase classname="s3tests.functional.test_s3" name="test_bucketv2_policy" time="0.041" /><testcase classname="s3tests.functional.test_s3" name="test_bucket_policy_deny_self_denied_policy" time="0.026"><skipped type="pytest.skip" message="[iam root] user does not belong to an account">/s3-tests/s3tests/functional/test_s3.py:11178: [iam root] user does not belong to an account</skipped></testcase><testcase classname="s3tests.functional.test_s3" name="test_bucket_policy_deny_self_denied_policy_confirm_header" time="0.024"><skipped type="pytest.skip" message="[iam root] user does not belong to an account">/s3-tests/s3tests/functional/test_s3.py:11219: [iam root] user does not belong to an account</skipped></testcase><testcase classname="s3tests.functional.test_s3" name="test_bucket_policy_acl" time="0.062"><failure message="AssertionError: ClientError not raised">E   AssertionError: ClientError not raised</failure></testcase><testcase classname="s3tests.functional.test_s3" name="test_bucketv2_policy_acl" time="0.043"><failure message="AssertionError: ClientError not raised">E   AssertionError: ClientError not raised</failure></testcase><testcase classname="s3tests.functional.test_s3" name="test_bucket_policy_different_tenant" time="0.040"><failure message="botocore.errorfactory.NoSuchBucket: An error occurred (NoSuchBucket) when calling the ListObjects operation: The specified bucket does not exist.">E   botocore.errorfactory.NoSuchBucket: An error occurred (NoSuchBucket) when calling the ListObjects operation: The specified bucket does not exist.</failure></testcase><testcase classname="s3tests.functional.test_s3" name="test_bucket_policy_multipart" time="0.031"><failure message="AssertionError: ClientError not raised">E   AssertionError: ClientError not raised</failure></testcase><testcase classname="s3tests.functional.test_s3" name="test_bucket_policy_tenanted_bucket" time="0.059"><failure message="botocore.errorfactory.NoSuchBucket: An error occurred (NoSuchBucket) when calling the ListObjects operation: The specified bucket does not exist.">E   botocore.errorfactory.NoSuchBucket: An error occurred (NoSuchBucket) when calling the ListObjects operation: The specified bucket does not exist.</failure></testcase><testcase classname="s3tests.functional.test_s3" name="test_bucket_policy_another_bucket" time="0.058" /><testcase classname="s3tests.functional.test_s3" name="test_bucketv2_policy_another_bucket" time="0.052" /><testcase classname="s3tests.functional.test_s3" name="test_bucket_policy_set_condition_operator_end_with_IfExists" time="0.056"><failure message="AssertionError: ClientError not raised">E   AssertionError: ClientError not raised</failure></testcase><testcase classname="s3tests.functional.test_s3" name="test_bucket_policy_get_obj_existing_tag" time="0.055"><failure message="AssertionError: ClientError not raised">E   AssertionError: ClientError not raised</failure></testcase><testcase classname="s3tests.functional.test_s3" name="test_bucket_policy_get_obj_tagging_existing_tag" time="0.055"><failure message="AssertionError: ClientError not raised">E   AssertionError: ClientError not raised</failure></testcase><testcase classname="s3tests.functional.test_s3" name="test_bucket_policy_put_obj_tagging_existing_tag" time="0.078"><failure message="AssertionError: ClientError not raised">E   AssertionError: ClientError not raised</failure></testcase><testcase classname="s3tests.functional.test_s3" name="test_bucket_policy_upload_part_copy" time="0.063"><failure message="botocore.exceptions.ClientError: An error occurred (InvalidPart) when calling the CompleteMultipartUpload operation: One or more of the specified parts could not be found.">E   botocore.exceptions.ClientError: An error occurred (InvalidPart) when calling the CompleteMultipartUpload operation: One or more of the specified parts could not be found.</failure></testcase><testcase classname="s3tests.functional.test_s3" name="test_bucket_policy_put_obj_copy_source" time="0.164"><failure message="AssertionError: ClientError not raised">E   AssertionError: ClientError not raised</failure></testcase><testcase classname="s3tests.functional.test_s3" name="test_bucket_policy_put_obj_copy_source_meta" time="0.152"><failure message="AssertionError: ClientError not raised">E   AssertionError: ClientError not raised</failure></testcase><testcase classname="s3tests.functional.test_s3" name="test_bucket_policy_put_obj_acl" time="0.047"><failure message="AssertionError: ClientError not raised">E   AssertionError: ClientError not raised</failure></testcase><testcase classname="s3tests.functional.test_s3" name="test_bucket_policy_put_obj_grant" time="9.260"><failure message="botocore.exceptions.ClientError: An error occurred (500) when calling the GetObjectAcl operation (reached max retries: 4): Internal Server Error">E   botocore.exceptions.ClientError: An error occurred (500) when calling the GetObjectAcl operation (reached max retries: 4): Internal Server Error</failure></testcase><testcase classname="s3tests.functional.test_s3" name="test_bucket_policy_put_obj_s3_noenc" time="0.054"><failure message="AssertionError: ClientError not raised">E   AssertionError: ClientError not raised</failure></testcase><testcase classname="s3tests.functional.test_s3" name="test_bucket_policy_put_obj_s3_incorrect_algo_sse_s3" time="0.062"><failure message="AssertionError: ClientError not raised">E   AssertionError: ClientError not raised</failure></testcase><testcase classname="s3tests.functional.test_s3" name="test_bucket_policy_put_obj_s3_kms" time="0.036"><failure message="AssertionError: ClientError not raised">E   AssertionError: ClientError not raised</failure></testcase><testcase classname="s3tests.functional.test_s3" name="test_bucket_policy_put_obj_kms_noenc" time="0.035"><failure message="KeyError: 'x-amz-server-side-encryption'">E   KeyError: 'x-amz-server-side-encryption'</failure></testcase><testcase classname="s3tests.functional.test_s3" name="test_bucket_policy_put_obj_kms_s3" time="0.035"><failure message="AssertionError: ClientError not raised">E   AssertionError: ClientError not raised</failure></testcase><testcase classname="s3tests.functional.test_s3" name="test_bucket_policy_put_obj_request_obj_tag" time="0.056"><failure message="AssertionError: ClientError not raised">E   AssertionError: ClientError not raised</failure></testcase><testcase classname="s3tests.functional.test_s3" name="test_bucket_policy_get_obj_acl_existing_tag" time="0.052"><failure message="AssertionError: ClientError not raised">E   AssertionError: ClientError not raised</failure></testcase><testcase classname="s3tests.functional.test_s3" name="test_bucket_policy_allow_notprincipal" time="0.029"><failure message="AssertionError: ClientError not raised">E   AssertionError: ClientError not raised</failure></testcase><testcase classname="s3tests.functional.test_s3" name="test_bucket_logging_mtime" time="0.035"><failure message="assert 200 == 204">E   assert 200 == 204</failure></testcase><testcase classname="s3tests.functional.test_s3" name="test_bucket_logging_simple_key" time="0.057"><failure message="assert 200 == 204">E   assert 200 == 204</failure></testcase><testcase classname="s3tests.functional.test_s3" name="test_bucket_logging_partitioned_key" time="0.035"><failure message="assert 200 == 204">E   assert 200 == 204</failure></testcase><testcase classname="s3tests.functional.test_s3" name="test_bucket_logging_bucket_auth_type" time="0.034"><failure message="assert 200 == 204">E   assert 200 == 204</failure></testcase><testcase classname="s3tests.functional.test_s3" name="test_bucket_logging_bucket_acl_required" time="0.058"><failure message="assert 200 == 204">E   assert 200 == 204</failure></testcase><testcase classname="s3tests.functional.test_s3" name="test_bucket_logging_object_acl_required" time="0.037"><failure message="assert 200 == 204">E   assert 200 == 204</failure></testcase><testcase classname="s3tests.functional.test_s3" name="test_bucket_logging_key_filter_s" time="0.022"><skipped type="pytest.skip" message="ceph extension to bucket logging not supported at client">/s3-tests/s3tests/functional/test_s3.py:15700: ceph extension to bucket logging not supported at client</skipped></testcase><testcase classname="s3tests.functional.test_s3" name="test_bucket_logging_key_filter_j" time="0.022"><skipped type="pytest.skip" message="ceph extension to bucket logging not supported at client">/s3-tests/s3tests/functional/test_s3.py:15708: ceph extension to bucket logging not supported at client</skipped></testcase><testcase classname="s3tests.functional.test_s3" name="test_bucket_logging_flush_empty" time="0.041"><skipped type="pytest.skip" message="ceph extension to bucket logging not supported at client">/s3-tests/s3tests/functional/test_s3.py:15720: ceph extension to bucket logging not supported at client</skipped></testcase><testcase classname="s3tests.functional.test_s3" name="test_bucket_logging_flush_j" time="0.020"><skipped type="pytest.skip" message="ceph extension to bucket logging not supported at client">/s3-tests/s3tests/functional/test_s3.py:15720: ceph extension to bucket logging not supported at client</skipped></testcase><testcase classname="s3tests.functional.test_s3" name="test_bucket_logging_flush_s" time="0.021"><skipped type="pytest.skip" message="ceph extension to bucket logging not supported at client">/s3-tests/s3tests/functional/test_s3.py:15720: ceph extension to bucket logging not supported at client</skipped></testcase><testcase classname="s3tests.functional.test_s3" name="test_bucket_logging_flush_j_single" time="0.021"><skipped type="pytest.skip" message="ceph extension to bucket logging not supported at client">/s3-tests/s3tests/functional/test_s3.py:15720: ceph extension to bucket logging not supported at client</skipped></testcase><testcase classname="s3tests.functional.test_s3" name="test_bucket_logging_flush_s_single" time="0.022"><skipped type="pytest.skip" message="ceph extension to bucket logging not supported at client">/s3-tests/s3tests/functional/test_s3.py:15720: ceph extension to bucket logging not supported at client</skipped></testcase><testcase classname="s3tests.functional.test_s3" name="test_bucket_logging_concurrent_flush_j" time="0.041"><skipped type="pytest.skip" message="ceph extension to bucket logging not supported at client">/s3-tests/s3tests/functional/test_s3.py:15720: ceph extension to bucket logging not supported at client</skipped></testcase><testcase classname="s3tests.functional.test_s3" name="test_bucket_logging_concurrent_flush_s" time="0.022"><skipped type="pytest.skip" message="ceph extension to bucket logging not supported at client">/s3-tests/s3tests/functional/test_s3.py:15720: ceph extension to bucket logging not supported at client</skipped></testcase><testcase classname="s3tests.functional.test_s3" name="test_bucket_logging_concurrent_flush_j_single" time="0.020"><skipped type="pytest.skip" message="ceph extension to bucket logging not supported at client">/s3-tests/s3tests/functional/test_s3.py:15720: ceph extension to bucket logging not supported at client</skipped></testcase><testcase classname="s3tests.functional.test_s3" name="test_bucket_logging_concurrent_flush_s_single" time="0.020"><skipped type="pytest.skip" message="ceph extension to bucket logging not supported at client">/s3-tests/s3tests/functional/test_s3.py:15720: ceph extension to bucket logging not supported at client</skipped></testcase><testcase classname="s3tests.functional.test_s3" name="test_bucket_logging_put_and_flush" time="0.038"><skipped type="pytest.skip" message="ceph extension to bucket logging not supported at client">/s3-tests/s3tests/functional/test_s3.py:15881: ceph extension to bucket logging not supported at client</skipped></testcase><testcase classname="s3tests.functional.test_s3" name="test_bucket_logging_owner" time="0.042"><failure message="assert 200 == 204">E   assert 200 == 204</failure></testcase><testcase classname="s3tests.functional.test_s3" name="test_bucket_logging_permission_change_s" time="0.036"><failure message="assert 200 == 204">E   assert 200 == 204</failure></testcase><testcase classname="s3tests.functional.test_s3" name="test_bucket_logging_permission_change_j" time="0.020"><skipped type="pytest.skip" message="ceph extension to bucket logging not supported at client">/s3-tests/s3tests/functional/test_s3.py:16401: ceph extension to bucket logging not supported at client</skipped></testcase><testcase classname="s3tests.functional.test_s3" name="test_bucket_logging_put_objects" time="0.058"><failure message="assert 200 == 204">E   assert 200 == 204</failure></testcase><testcase classname="s3tests.functional.test_s3" name="test_bucket_logging_put_objects_versioned" time="5.114"><failure message="AssertionError: assert 'Enabled' == None">E   AssertionError: assert 'Enabled' == None</failure></testcase><testcase classname="s3tests.functional.test_s3" name="test_bucket_logging_put_concurrency" time="0.054"><failure message="assert 200 == 204">E   assert 200 == 204</failure></testcase><testcase classname="s3tests.functional.test_s3" name="test_bucket_logging_delete_objects" time="0.059"><failure message="assert 200 == 204">E   assert 200 == 204</failure></testcase><testcase classname="s3tests.functional.test_s3" name="test_bucket_logging_delete_objects_versioned" time="5.139"><failure message="AssertionError: assert 'Enabled' == None">E   AssertionError: assert 'Enabled' == None</failure></testcase><testcase classname="s3tests.functional.test_s3" name="test_bucket_logging_get_objects" time="0.083"><failure message="assert 200 == 204">E   assert 200 == 204</failure></testcase><testcase classname="s3tests.functional.test_s3" name="test_bucket_logging_get_objects_versioned" time="5.127"><failure message="AssertionError: assert 'Enabled' == None">E   AssertionError: assert 'Enabled' == None</failure></testcase><testcase classname="s3tests.functional.test_s3" name="test_bucket_logging_copy_objects" time="0.127"><failure message="assert 200 == 204">E   assert 200 == 204</failure></testcase><testcase classname="s3tests.functional.test_s3" name="test_bucket_logging_copy_objects_versioned" time="5.094"><failure message="AssertionError: assert 'Enabled' == None">E   AssertionError: assert 'Enabled' == None</failure></testcase><testcase classname="s3tests.functional.test_s3" name="test_bucket_logging_copy_objects_bucket" time="0.086"><failure message="assert 200 == 204">E   assert 200 == 204</failure></testcase><testcase classname="s3tests.functional.test_s3" name="test_bucket_logging_copy_objects_bucket_versioned" time="5.131"><failure message="AssertionError: assert 'Enabled' == None">E   AssertionError: assert 'Enabled' == None</failure></testcase><testcase classname="s3tests.functional.test_s3" name="test_bucket_logging_head_objects" time="0.116"><failure message="assert 200 == 204">E   assert 200 == 204</failure></testcase><testcase classname="s3tests.functional.test_s3" name="test_bucket_logging_head_objects_versioned" time="5.116"><failure message="AssertionError: assert 'Enabled' == None">E   AssertionError: assert 'Enabled' == None</failure></testcase><testcase classname="s3tests.functional.test_s3" name="test_bucket_logging_mpu_s" time="0.051"><failure message="assert 200 == 204">E   assert 200 == 204</failure></testcase><testcase classname="s3tests.functional.test_s3" name="test_bucket_logging_mpu_versioned_s" time="5.148"><failure message="AssertionError: assert 'Enabled' == None">E   AssertionError: assert 'Enabled' == None</failure></testcase><testcase classname="s3tests.functional.test_s3" name="test_bucket_logging_mpu_j" time="0.026"><skipped type="pytest.skip" message="ceph extension to bucket logging not supported at client">/s3-tests/s3tests/functional/test_s3.py:17200: ceph extension to bucket logging not supported at client</skipped></testcase><testcase classname="s3tests.functional.test_s3" name="test_bucket_logging_mpu_versioned_j" time="0.022"><skipped type="pytest.skip" message="ceph extension to bucket logging not supported at client">/s3-tests/s3tests/functional/test_s3.py:17208: ceph extension to bucket logging not supported at client</skipped></testcase><testcase classname="s3tests.functional.test_s3" name="test_bucket_logging_mpu_copy" time="0.357"><failure message="assert 200 == 204">E   assert 200 == 204</failure></testcase><testcase classname="s3tests.functional.test_s3" name="test_bucket_logging_mpu_copy_versioned" time="5.143"><failure message="AssertionError: assert 'Enabled' == None">E   AssertionError: assert 'Enabled' == None</failure></testcase><testcase classname="s3tests.functional.test_s3" name="test_bucket_logging_multi_delete" time="0.071"><failure message="assert 200 == 204">E   assert 200 == 204</failure></testcase><testcase classname="s3tests.functional.test_s3" name="test_bucket_logging_multi_delete_versioned" time="5.127"><failure message="AssertionError: assert 'Enabled' == None">E   AssertionError: assert 'Enabled' == None</failure></testcase><testcase classname="s3tests.functional.test_s3" name="test_bucket_logging_event_type_j" time="0.034"><skipped type="pytest.skip" message="ceph extension to bucket logging not supported at client">/s3-tests/s3tests/functional/test_s3.py:17396: ceph extension to bucket logging not supported at client</skipped></testcase><testcase classname="s3tests.functional.test_s3" name="test_bucket_logging_event_type_s" time="0.025"><skipped type="pytest.skip" message="ceph extension to bucket logging not supported at client">/s3-tests/s3tests/functional/test_s3.py:17404: ceph extension to bucket logging not supported at client</skipped></testcase><testcase classname="s3tests.functional.test_s3" name="test_bucket_logging_roll_time" time="0.049"><skipped type="pytest.skip" message="ceph extension to bucket logging not supported at client">/s3-tests/s3tests/functional/test_s3.py:17412: ceph extension to bucket logging not supported at client</skipped></testcase><testcase classname="s3tests.functional.test_s3" name="test_bucket_logging_multiple_prefixes" time="0.068"><failure message="assert 200 == 204">E   assert 200 == 204</failure></testcase><testcase classname="s3tests.functional.test_s3" name="test_bucket_logging_single_prefix" time="0.083"><failure message="assert 200 == 204">E   assert 200 == 204</failure></testcase><testcase classname="s3tests.functional.test_s3" name="test_bucket_logging_object_meta" time="0.020"><skipped type="pytest.skip" message="ceph extension to bucket logging not supported at client">/s3-tests/s3tests/functional/test_s3.py:17598: ceph extension to bucket logging not supported at client</skipped></testcase><testcase classname="s3tests.functional.test_s3" name="test_bucket_logging_cleanup_bucket_deletion_j" time="0.020"><skipped type="pytest.skip" message="ceph extension to bucket logging not supported at client">/s3-tests/s3tests/functional/test_s3.py:17660: ceph extension to bucket logging not supported at client</skipped></testcase><testcase classname="s3tests.functional.test_s3" name="test_bucket_logging_cleanup_bucket_deletion_j_single" time="0.021"><skipped type="pytest.skip" message="ceph extension to bucket logging not supported at client">/s3-tests/s3tests/functional/test_s3.py:17660: ceph extension to bucket logging not supported at client</skipped></testcase><testcase classname="s3tests.functional.test_s3" name="test_bucket_logging_cleanup_disabling_j" time="0.020"><skipped type="pytest.skip" message="ceph extension to bucket logging not supported at client">/s3-tests/s3tests/functional/test_s3.py:17660: ceph extension to bucket logging not supported at client</skipped></testcase><testcase classname="s3tests.functional.test_s3" name="test_bucket_logging_cleanup_disabling_j_single" time="0.039"><skipped type="pytest.skip" message="ceph extension to bucket logging not supported at client">/s3-tests/s3tests/functional/test_s3.py:17660: ceph extension to bucket logging not supported at client</skipped></testcase><testcase classname="s3tests.functional.test_s3" name="test_bucket_logging_cleanup_updating_j" time="0.021"><skipped type="pytest.skip" message="ceph extension to bucket logging not supported at client">/s3-tests/s3tests/functional/test_s3.py:17660: ceph extension to bucket logging not supported at client</skipped></testcase><testcase classname="s3tests.functional.test_s3" name="test_bucket_logging_cleanup_updating_j_single" time="0.021"><skipped type="pytest.skip" message="ceph extension to bucket logging not supported at client">/s3-tests/s3tests/functional/test_s3.py:17660: ceph extension to bucket logging not supported at client</skipped></testcase><testcase classname="s3tests.functional.test_s3" name="test_bucket_logging_notupdating_j" time="0.021"><skipped type="pytest.skip" message="ceph extension to bucket logging not supported at client">/s3-tests/s3tests/functional/test_s3.py:17660: ceph extension to bucket logging not supported at client</skipped></testcase><testcase classname="s3tests.functional.test_s3" name="test_bucket_logging_notupdating_j_single" time="0.038"><skipped type="pytest.skip" message="ceph extension to bucket logging not supported at client">/s3-tests/s3tests/functional/test_s3.py:17660: ceph extension to bucket logging not supported at client</skipped></testcase><testcase classname="s3tests.functional.test_s3" name="test_bucket_logging_cleanup_bucket_deletion_s" time="0.020"><skipped type="pytest.skip" message="ceph extension to bucket logging not supported at client">/s3-tests/s3tests/functional/test_s3.py:17660: ceph extension to bucket logging not supported at client</skipped></testcase><testcase classname="s3tests.functional.test_s3" name="test_bucket_logging_cleanup_bucket_deletion_s_single" time="0.021"><skipped type="pytest.skip" message="ceph extension to bucket logging not supported at client">/s3-tests/s3tests/functional/test_s3.py:17660: ceph extension to bucket logging not supported at client</skipped></testcase><testcase classname="s3tests.functional.test_s3" name="test_bucket_logging_cleanup_disabling_s" time="0.022"><skipped type="pytest.skip" message="ceph extension to bucket logging not supported at client">/s3-tests/s3tests/functional/test_s3.py:17660: ceph extension to bucket logging not supported at client</skipped></testcase><testcase classname="s3tests.functional.test_s3" name="test_bucket_logging_cleanup_disabling_s_single" time="0.022"><skipped type="pytest.skip" message="ceph extension to bucket logging not supported at client">/s3-tests/s3tests/functional/test_s3.py:17660: ceph extension to bucket logging not supported at client</skipped></testcase><testcase classname="s3tests.functional.test_s3" name="test_bucket_logging_cleanup_updating_s" time="0.040"><skipped type="pytest.skip" message="ceph extension to bucket logging not supported at client">/s3-tests/s3tests/functional/test_s3.py:17660: ceph extension to bucket logging not supported at client</skipped></testcase><testcase classname="s3tests.functional.test_s3" name="test_bucket_logging_cleanup_updating_s_single" time="0.020"><skipped type="pytest.skip" message="ceph extension to bucket logging not supported at client">/s3-tests/s3tests/functional/test_s3.py:17660: ceph extension to bucket logging not supported at client</skipped></testcase><testcase classname="s3tests.functional.test_s3" name="test_bucket_logging_notupdating_s" time="0.021"><skipped type="pytest.skip" message="ceph extension to bucket logging not supported at client">/s3-tests/s3tests/functional/test_s3.py:17660: ceph extension to bucket logging not supported at client</skipped></testcase><testcase classname="s3tests.functional.test_s3" name="test_bucket_logging_notupdating_s_single" time="0.020"><skipped type="pytest.skip" message="ceph extension to bucket logging not supported at client">/s3-tests/s3tests/functional/test_s3.py:17660: ceph extension to bucket logging not supported at client</skipped></testcase><testcase classname="s3tests.functional.test_s3" name="test_bucket_logging_target_cleanup_j" time="0.020"><skipped type="pytest.skip" message="ceph extension to bucket logging not supported at client">/s3-tests/s3tests/functional/test_s3.py:17660: ceph extension to bucket logging not supported at client</skipped></testcase><testcase classname="s3tests.functional.test_s3" name="test_bucket_logging_target_cleanup_j_single" time="0.037"><skipped type="pytest.skip" message="ceph extension to bucket logging not supported at client">/s3-tests/s3tests/functional/test_s3.py:17660: ceph extension to bucket logging not supported at client</skipped></testcase><testcase classname="s3tests.functional.test_s3" name="test_bucket_logging_target_cleanup_s" time="0.020"><skipped type="pytest.skip" message="ceph extension to bucket logging not supported at client">/s3-tests/s3tests/functional/test_s3.py:17660: ceph extension to bucket logging not supported at client</skipped></testcase><testcase classname="s3tests.functional.test_s3" name="test_bucket_logging_target_cleanup_s_single" time="0.020"><skipped type="pytest.skip" message="ceph extension to bucket logging not supported at client">/s3-tests/s3tests/functional/test_s3.py:17660: ceph extension to bucket logging not supported at client</skipped></testcase><testcase classname="s3tests.functional.test_s3" name="test_bucket_logging_cleanup_bucket_concurrent_deletion_j" time="0.021"><skipped type="pytest.skip" message="ceph extension to bucket logging not supported at client">/s3-tests/s3tests/functional/test_s3.py:17660: ceph extension to bucket logging not supported at client</skipped></testcase><testcase classname="s3tests.functional.test_s3" name="test_bucket_logging_cleanup_bucket_concurrent_deletion_j_single" time="0.020"><skipped type="pytest.skip" message="ceph extension to bucket logging not supported at client">/s3-tests/s3tests/functional/test_s3.py:17660: ceph extension to bucket logging not supported at client</skipped></testcase><testcase classname="s3tests.functional.test_s3" name="test_bucket_logging_cleanup_concurrent_disabling_j" time="0.039"><skipped type="pytest.skip" message="ceph extension to bucket logging not supported at client">/s3-tests/s3tests/functional/test_s3.py:17660: ceph extension to bucket logging not supported at client</skipped></testcase><testcase classname="s3tests.functional.test_s3" name="test_bucket_logging_cleanup_concurrent_disabling_j_single" time="0.022"><skipped type="pytest.skip" message="ceph extension to bucket logging not supported at client">/s3-tests/s3tests/functional/test_s3.py:17660: ceph extension to bucket logging not supported at client</skipped></testcase><testcase classname="s3tests.functional.test_s3" name="test_bucket_logging_cleanup_concurrent_updating_j" time="0.020"><skipped type="pytest.skip" message="ceph extension to bucket logging not supported at client">/s3-tests/s3tests/functional/test_s3.py:17660: ceph extension to bucket logging not supported at client</skipped></testcase><testcase classname="s3tests.functional.test_s3" name="test_bucket_logging_cleanup_concurrent_updating_j_single" time="0.021"><skipped type="pytest.skip" message="ceph extension to bucket logging not supported at client">/s3-tests/s3tests/functional/test_s3.py:17660: ceph extension to bucket logging not supported at client</skipped></testcase><testcase classname="s3tests.functional.test_s3" name="test_bucket_logging_cleanup_bucket_concurrent_deletion_s" time="0.038"><skipped type="pytest.skip" message="ceph extension to bucket logging not supported at client">/s3-tests/s3tests/functional/test_s3.py:17660: ceph extension to bucket logging not supported at client</skipped></testcase><testcase classname="s3tests.functional.test_s3" name="test_bucket_logging_cleanup_bucket_concurrent_deletion_s_single" time="0.021"><skipped type="pytest.skip" message="ceph extension to bucket logging not supported at client">/s3-tests/s3tests/functional/test_s3.py:17660: ceph extension to bucket logging not supported at client</skipped></testcase><testcase classname="s3tests.functional.test_s3" name="test_bucket_logging_cleanup_concurrent_disabling_s" time="0.021"><skipped type="pytest.skip" message="ceph extension to bucket logging not supported at client">/s3-tests/s3tests/functional/test_s3.py:17660: ceph extension to bucket logging not supported at client</skipped></testcase><testcase classname="s3tests.functional.test_s3" name="test_bucket_logging_cleanup_concurrent_disabling_s_single" time="0.021"><skipped type="pytest.skip" message="ceph extension to bucket logging not supported at client">/s3-tests/s3tests/functional/test_s3.py:17660: ceph extension to bucket logging not supported at client</skipped></testcase><testcase classname="s3tests.functional.test_s3" name="test_bucket_logging_cleanup_concurrent_updating_s" time="0.020"><skipped type="pytest.skip" message="ceph extension to bucket logging not supported at client">/s3-tests/s3tests/functional/test_s3.py:17660: ceph extension to bucket logging not supported at client</skipped></testcase><testcase classname="s3tests.functional.test_s3" name="test_bucket_logging_cleanup_concurrent_updating_s_single" time="0.039"><skipped type="pytest.skip" message="ceph extension to bucket logging not supported at client">/s3-tests/s3tests/functional/test_s3.py:17660: ceph extension to bucket logging not supported at client</skipped></testcase><testcase classname="s3tests.functional.test_s3" name="test_bucket_logging_part_cleanup_concurrent_updating_s" time="0.020"><skipped type="pytest.skip" message="ceph extension to bucket logging not supported at client">/s3-tests/s3tests/functional/test_s3.py:18048: ceph extension to bucket logging not supported at client</skipped></testcase><testcase classname="s3tests.functional.test_s3" name="test_bucket_logging_part_cleanup_concurrent_disabling_s" time="0.021"><skipped type="pytest.skip" message="ceph extension to bucket logging not supported at client">/s3-tests/s3tests/functional/test_s3.py:18048: ceph extension to bucket logging not supported at client</skipped></testcase><testcase classname="s3tests.functional.test_s3" name="test_bucket_logging_part_cleanup_concurrent_deletion_s" time="0.020"><skipped type="pytest.skip" message="ceph extension to bucket logging not supported at client">/s3-tests/s3tests/functional/test_s3.py:18048: ceph extension to bucket logging not supported at client</skipped></testcase><testcase classname="s3tests.functional.test_s3" name="test_bucket_logging_part_cleanup_concurrent_updating_j" time="0.021"><skipped type="pytest.skip" message="ceph extension to bucket logging not supported at client">/s3-tests/s3tests/functional/test_s3.py:18048: ceph extension to bucket logging not supported at client</skipped></testcase><testcase classname="s3tests.functional.test_s3" name="test_bucket_logging_part_cleanup_concurrent_disabling_j" time="0.038"><skipped type="pytest.skip" message="ceph extension to bucket logging not supported at client">/s3-tests/s3tests/functional/test_s3.py:18048: ceph extension to bucket logging not supported at client</skipped></testcase><testcase classname="s3tests.functional.test_s3" name="test_bucket_logging_part_cleanup_concurrent_deletion_j" time="0.020"><skipped type="pytest.skip" message="ceph extension to bucket logging not supported at client">/s3-tests/s3tests/functional/test_s3.py:18048: ceph extension to bucket logging not supported at client</skipped></testcase><testcase classname="s3tests.functional.test_s3" name="test_bucket_logging_part_cleanup_updating_s" time="0.020"><skipped type="pytest.skip" message="ceph extension to bucket logging not supported at client">/s3-tests/s3tests/functional/test_s3.py:18048: ceph extension to bucket logging not supported at client</skipped></testcase><testcase classname="s3tests.functional.test_s3" name="test_bucket_logging_part_cleanup_disabling_s" time="0.021"><skipped type="pytest.skip" message="ceph extension to bucket logging not supported at client">/s3-tests/s3tests/functional/test_s3.py:18048: ceph extension to bucket logging not supported at client</skipped></testcase><testcase classname="s3tests.functional.test_s3" name="test_bucket_logging_part_cleanup_deletion_s" time="0.020"><skipped type="pytest.skip" message="ceph extension to bucket logging not supported at client">/s3-tests/s3tests/functional/test_s3.py:18048: ceph extension to bucket logging not supported at client</skipped></testcase><testcase classname="s3tests.functional.test_s3" name="test_bucket_logging_part_cleanup_updating_j" time="0.038"><skipped type="pytest.skip" message="ceph extension to bucket logging not supported at client">/s3-tests/s3tests/functional/test_s3.py:18048: ceph extension to bucket logging not supported at client</skipped></testcase><testcase classname="s3tests.functional.test_s3" name="test_bucket_logging_part_cleanup_disabling_j" time="0.020"><skipped type="pytest.skip" message="ceph extension to bucket logging not supported at client">/s3-tests/s3tests/functional/test_s3.py:18048: ceph extension to bucket logging not supported at client</skipped></testcase><testcase classname="s3tests.functional.test_s3" name="test_bucket_logging_part_cleanup_deletion_j" time="0.020"><skipped type="pytest.skip" message="ceph extension to bucket logging not supported at client">/s3-tests/s3tests/functional/test_s3.py:18048: ceph extension to bucket logging not supported at client</skipped></testcase><testcase classname="s3tests.functional.test_s3" name="test_bucket_logging_conf_updating_roll_s" time="0.020"><skipped type="pytest.skip" message="ceph extension to bucket logging not supported at client">/s3-tests/s3tests/functional/test_s3.py:18264: ceph extension to bucket logging not supported at client</skipped></testcase><testcase classname="s3tests.functional.test_s3" name="test_bucket_logging_conf_updating_roll_j" time="0.038"><skipped type="pytest.skip" message="ceph extension to bucket logging not supported at client">/s3-tests/s3tests/functional/test_s3.py:18264: ceph extension to bucket logging not supported at client</skipped></testcase><testcase classname="s3tests.functional.test_s3" name="test_bucket_logging_conf_updating_pfx_s" time="0.020"><skipped type="pytest.skip" message="ceph extension to bucket logging not supported at client">/s3-tests/s3tests/functional/test_s3.py:18264: ceph extension to bucket logging not supported at client</skipped></testcase><testcase classname="s3tests.functional.test_s3" name="test_bucket_logging_conf_updating_pfx_j" time="0.020"><skipped type="pytest.skip" message="ceph extension to bucket logging not supported at client">/s3-tests/s3tests/functional/test_s3.py:18264: ceph extension to bucket logging not supported at client</skipped></testcase><testcase classname="s3tests.functional.test_s3" name="test_bucket_logging_conf_concurrent_updating_roll_s" time="0.021"><skipped type="pytest.skip" message="ceph extension to bucket logging not supported at client">/s3-tests/s3tests/functional/test_s3.py:18264: ceph extension to bucket logging not supported at client</skipped></testcase><testcase classname="s3tests.functional.test_s3" name="test_bucket_logging_conf_concurrent_updating_roll_j" time="0.021"><skipped type="pytest.skip" message="ceph extension to bucket logging not supported at client">/s3-tests/s3tests/functional/test_s3.py:18264: ceph extension to bucket logging not supported at client</skipped></testcase><testcase classname="s3tests.functional.test_s3" name="test_bucket_logging_conf_concurrent_updating_pfx_s" time="0.038"><skipped type="pytest.skip" message="ceph extension to bucket logging not supported at client">/s3-tests/s3tests/functional/test_s3.py:18264: ceph extension to bucket logging not supported at client</skipped></testcase><testcase classname="s3tests.functional.test_s3" name="test_bucket_logging_conf_concurrent_updating_pfx_j" time="0.022"><skipped type="pytest.skip" message="ceph extension to bucket logging not supported at client">/s3-tests/s3tests/functional/test_s3.py:18264: ceph extension to bucket logging not supported at client</skipped></testcase><testcase classname="s3tests.functional.test_s3" name="test_bucket_create_delete_bucket_ownership" time="0.036"><failure message="KeyError: 'Rules'">E   KeyError: 'Rules'</failure></testcase></testsuite></testsuites>